[2018-03-05 17:44:32][INFO ][main][sun.reflect.NativeMethodAccessorImpl.invoke0:-2]:CollectSendRunner created
[2018-03-05 17:44:32][ERROR][main][org.slf4j.helpers.SubstituteLogger.error:281]:null
java.lang.NullPointerException: null
	at com.xchushi.fw.log.logback.XcsLogbackAppender.append(XcsLogbackAppender.java:33)
	at com.xchushi.fw.log.logback.XcsLogbackAppender.append(XcsLogbackAppender.java:1)
	at ch.qos.logback.core.AppenderBase.doAppend(AppenderBase.java:82)
	at ch.qos.logback.core.spi.AppenderAttachableImpl.appendLoopOnAppenders(AppenderAttachableImpl.java:51)
	at ch.qos.logback.classic.Logger.appendLoopOnAppenders(Logger.java:270)
	at ch.qos.logback.classic.Logger.callAppenders(Logger.java:257)
	at ch.qos.logback.classic.Logger.buildLoggingEventAndAppend(Logger.java:421)
	at ch.qos.logback.classic.Logger.filterAndLog_0_Or3Plus(Logger.java:383)
	at ch.qos.logback.classic.Logger.log(Logger.java:775)
	at sun.reflect.NativeMethodAccessorImpl.invoke0(Native Method)
	at sun.reflect.NativeMethodAccessorImpl.invoke(NativeMethodAccessorImpl.java:57)
	at sun.reflect.DelegatingMethodAccessorImpl.invoke(DelegatingMethodAccessorImpl.java:43)
	at java.lang.reflect.Method.invoke(Method.java:606)
	at org.slf4j.helpers.SubstituteLogger.log(SubstituteLogger.java:374)
	at org.slf4j.LoggerFactory.replaySingleEvent(LoggerFactory.java:241)
	at org.slf4j.LoggerFactory.replayEvents(LoggerFactory.java:210)
	at org.slf4j.LoggerFactory.bind(LoggerFactory.java:154)
	at org.slf4j.LoggerFactory.performInitialization(LoggerFactory.java:124)
	at org.slf4j.LoggerFactory.getILoggerFactory(LoggerFactory.java:412)
	at org.slf4j.LoggerFactory.getLogger(LoggerFactory.java:357)
	at org.apache.commons.logging.impl.SLF4JLogFactory.getInstance(SLF4JLogFactory.java:155)
	at org.apache.commons.logging.impl.SLF4JLogFactory.getInstance(SLF4JLogFactory.java:132)
	at org.apache.commons.logging.LogFactory.getLog(LogFactory.java:273)
	at org.springframework.boot.SpringApplication.<clinit>(SpringApplication.java:179)
	at com.test.springboot.TestSpringBoot.main(TestSpringBoot.java:10)
[2018-03-05 17:44:34][INFO ][main][org.springframework.boot.StartupInfoLogger.logStarting:48]:Starting TestSpringBoot on USER-20160201BI with PID 11168 (E:\work\xcs\xcs-demo\target\classes started by Administrator in E:\work\xcs\xcs-demo)
[2018-03-05 17:44:34][ERROR][main][org.slf4j.helpers.SubstituteLogger.error:281]:null
java.lang.NullPointerException: null
	at com.xchushi.fw.log.logback.XcsLogbackAppender.append(XcsLogbackAppender.java:33)
	at com.xchushi.fw.log.logback.XcsLogbackAppender.append(XcsLogbackAppender.java:1)
	at ch.qos.logback.core.AppenderBase.doAppend(AppenderBase.java:82)
	at ch.qos.logback.core.spi.AppenderAttachableImpl.appendLoopOnAppenders(AppenderAttachableImpl.java:51)
	at ch.qos.logback.classic.Logger.appendLoopOnAppenders(Logger.java:270)
	at ch.qos.logback.classic.Logger.callAppenders(Logger.java:257)
	at ch.qos.logback.classic.Logger.buildLoggingEventAndAppend(Logger.java:421)
	at ch.qos.logback.classic.Logger.filterAndLog_0_Or3Plus(Logger.java:383)
	at ch.qos.logback.classic.Logger.log(Logger.java:765)
	at org.apache.commons.logging.impl.SLF4JLocationAwareLog.info(SLF4JLocationAwareLog.java:155)
	at org.springframework.boot.StartupInfoLogger.logStarting(StartupInfoLogger.java:48)
	at org.springframework.boot.SpringApplication.logStartupInfo(SpringApplication.java:579)
	at org.springframework.boot.SpringApplication.prepareContext(SpringApplication.java:341)
	at org.springframework.boot.SpringApplication.run(SpringApplication.java:301)
	at com.test.springboot.TestSpringBoot.main(TestSpringBoot.java:11)
[2018-03-05 17:44:34][INFO ][main][org.springframework.boot.SpringApplication.logStartupProfileInfo:597]:The following profiles are active: default
[2018-03-05 17:44:34][ERROR][main][org.slf4j.helpers.SubstituteLogger.error:281]:null
java.lang.NullPointerException: null
	at com.xchushi.fw.log.logback.XcsLogbackAppender.append(XcsLogbackAppender.java:33)
	at com.xchushi.fw.log.logback.XcsLogbackAppender.append(XcsLogbackAppender.java:1)
	at ch.qos.logback.core.AppenderBase.doAppend(AppenderBase.java:82)
	at ch.qos.logback.core.spi.AppenderAttachableImpl.appendLoopOnAppenders(AppenderAttachableImpl.java:51)
	at ch.qos.logback.classic.Logger.appendLoopOnAppenders(Logger.java:270)
	at ch.qos.logback.classic.Logger.callAppenders(Logger.java:257)
	at ch.qos.logback.classic.Logger.buildLoggingEventAndAppend(Logger.java:421)
	at ch.qos.logback.classic.Logger.filterAndLog_0_Or3Plus(Logger.java:383)
	at ch.qos.logback.classic.Logger.log(Logger.java:765)
	at org.apache.commons.logging.impl.SLF4JLocationAwareLog.info(SLF4JLocationAwareLog.java:155)
	at org.springframework.boot.SpringApplication.logStartupProfileInfo(SpringApplication.java:597)
	at org.springframework.boot.SpringApplication.prepareContext(SpringApplication.java:342)
	at org.springframework.boot.SpringApplication.run(SpringApplication.java:301)
	at com.test.springboot.TestSpringBoot.main(TestSpringBoot.java:11)
[2018-03-05 17:44:34][INFO ][main][org.springframework.context.support.AbstractApplicationContext.prepareRefresh:581]:Refreshing org.springframework.boot.context.embedded.AnnotationConfigEmbeddedWebApplicationContext@7f219df4: startup date [Mon Mar 05 17:44:34 CST 2018]; root of context hierarchy
[2018-03-05 17:44:34][ERROR][main][org.slf4j.helpers.SubstituteLogger.error:281]:null
java.lang.NullPointerException: null
	at com.xchushi.fw.log.logback.XcsLogbackAppender.append(XcsLogbackAppender.java:33)
	at com.xchushi.fw.log.logback.XcsLogbackAppender.append(XcsLogbackAppender.java:1)
	at ch.qos.logback.core.AppenderBase.doAppend(AppenderBase.java:82)
	at ch.qos.logback.core.spi.AppenderAttachableImpl.appendLoopOnAppenders(AppenderAttachableImpl.java:51)
	at ch.qos.logback.classic.Logger.appendLoopOnAppenders(Logger.java:270)
	at ch.qos.logback.classic.Logger.callAppenders(Logger.java:257)
	at ch.qos.logback.classic.Logger.buildLoggingEventAndAppend(Logger.java:421)
	at ch.qos.logback.classic.Logger.filterAndLog_0_Or3Plus(Logger.java:383)
	at ch.qos.logback.classic.Logger.log(Logger.java:765)
	at org.apache.commons.logging.impl.SLF4JLocationAwareLog.info(SLF4JLocationAwareLog.java:155)
	at org.springframework.context.support.AbstractApplicationContext.prepareRefresh(AbstractApplicationContext.java:581)
	at org.springframework.boot.context.embedded.AnnotationConfigEmbeddedWebApplicationContext.prepareRefresh(AnnotationConfigEmbeddedWebApplicationContext.java:176)
	at org.springframework.context.support.AbstractApplicationContext.refresh(AbstractApplicationContext.java:510)
	at org.springframework.boot.context.embedded.EmbeddedWebApplicationContext.refresh(EmbeddedWebApplicationContext.java:122)
	at org.springframework.boot.SpringApplication.refresh(SpringApplication.java:693)
	at org.springframework.boot.SpringApplication.refreshContext(SpringApplication.java:360)
	at org.springframework.boot.SpringApplication.run(SpringApplication.java:303)
	at com.test.springboot.TestSpringBoot.main(TestSpringBoot.java:11)
[2018-03-05 17:44:35][INFO ][background-preinit][org.hibernate.validator.internal.util.Version.<clinit>:30]:HV000001: Hibernate Validator 5.3.5.Final
[2018-03-05 17:44:35][ERROR][background-preinit][org.slf4j.helpers.SubstituteLogger.error:281]:null
java.lang.NullPointerException: null
	at com.xchushi.fw.log.logback.XcsLogbackAppender.append(XcsLogbackAppender.java:33)
	at com.xchushi.fw.log.logback.XcsLogbackAppender.append(XcsLogbackAppender.java:1)
	at ch.qos.logback.core.AppenderBase.doAppend(AppenderBase.java:82)
	at ch.qos.logback.core.spi.AppenderAttachableImpl.appendLoopOnAppenders(AppenderAttachableImpl.java:51)
	at ch.qos.logback.classic.Logger.appendLoopOnAppenders(Logger.java:270)
	at ch.qos.logback.classic.Logger.callAppenders(Logger.java:257)
	at ch.qos.logback.classic.Logger.buildLoggingEventAndAppend(Logger.java:421)
	at ch.qos.logback.classic.Logger.filterAndLog_0_Or3Plus(Logger.java:383)
	at ch.qos.logback.classic.Logger.log(Logger.java:765)
	at sun.reflect.NativeMethodAccessorImpl.invoke0(Native Method)
	at sun.reflect.NativeMethodAccessorImpl.invoke(NativeMethodAccessorImpl.java:57)
	at sun.reflect.DelegatingMethodAccessorImpl.invoke(DelegatingMethodAccessorImpl.java:43)
	at java.lang.reflect.Method.invoke(Method.java:606)
	at org.jboss.logging.Slf4jLocationAwareLogger.doLog(Slf4jLocationAwareLogger.java:89)
	at org.jboss.logging.Slf4jLocationAwareLogger.doLogf(Slf4jLocationAwareLogger.java:82)
	at org.jboss.logging.Logger.logf(Logger.java:2398)
	at org.hibernate.validator.internal.util.logging.Log_$logger.version(Log_$logger.java:53)
	at org.hibernate.validator.internal.util.Version.<clinit>(Version.java:30)
	at org.hibernate.validator.internal.engine.ConfigurationImpl.<clinit>(ConfigurationImpl.java:71)
	at org.hibernate.validator.HibernateValidator.createGenericConfiguration(HibernateValidator.java:33)
	at javax.validation.Validation$GenericBootstrapImpl.configure(Validation.java:276)
	at org.springframework.boot.autoconfigure.BackgroundPreinitializer$ValidationInitializer.run(BackgroundPreinitializer.java:107)
	at org.springframework.boot.autoconfigure.BackgroundPreinitializer$1.runSafely(BackgroundPreinitializer.java:59)
	at org.springframework.boot.autoconfigure.BackgroundPreinitializer$1.run(BackgroundPreinitializer.java:52)
	at java.lang.Thread.run(Thread.java:745)
