[2018-03-05 18:00:27][INFO ][main][org.springframework.boot.StartupInfoLogger.logStarting:48]:Starting TestSpringBoot on USER-20160201BI with PID 12604 (E:\work\xcs\xcs-demo\target\classes started by Administrator in E:\work\xcs\xcs-demo)
[2018-03-05 18:00:27][INFO ][main][org.springframework.boot.SpringApplication.logStartupProfileInfo:597]:The following profiles are active: default
[2018-03-05 18:00:27][INFO ][main][org.springframework.context.support.AbstractApplicationContext.prepareRefresh:581]:Refreshing org.springframework.boot.context.embedded.AnnotationConfigEmbeddedWebApplicationContext@77e46978: startup date [Mon Mar 05 18:00:27 CST 2018]; root of context hierarchy
[2018-03-05 18:00:27][INFO ][background-preinit][org.hibernate.validator.internal.util.Version.<clinit>:30]:HV000001: Hibernate Validator 5.3.5.Final
[2018-03-05 18:00:28][INFO ][main][org.springframework.boot.context.embedded.tomcat.TomcatEmbeddedServletContainer.initialize:89]:Tomcat initialized with port(s): 8077 (http)
[2018-03-05 18:00:28][INFO ][main][org.apache.juli.logging.DirectJDKLog.log:179]:Starting service [Tomcat]
[2018-03-05 18:00:28][INFO ][main][org.apache.juli.logging.DirectJDKLog.log:179]:Starting Servlet Engine: Apache Tomcat/8.5.16
[2018-03-05 18:00:28][INFO ][localhost-startStop-1][org.apache.juli.logging.DirectJDKLog.log:179]:Initializing Spring embedded WebApplicationContext
[2018-03-05 18:00:28][INFO ][localhost-startStop-1][org.springframework.boot.context.embedded.EmbeddedWebApplicationContext.prepareEmbeddedWebApplicationContext:276]:Root WebApplicationContext: initialization completed in 1562 ms
[2018-03-05 18:00:29][INFO ][localhost-startStop-1][org.springframework.boot.web.servlet.ServletRegistrationBean.onStartup:190]:Mapping servlet: 'dispatcherServlet' to [/]
[2018-03-05 18:00:29][INFO ][localhost-startStop-1][org.springframework.boot.web.servlet.AbstractFilterRegistrationBean.configure:258]:Mapping filter: 'characterEncodingFilter' to: [/*]
[2018-03-05 18:00:29][INFO ][localhost-startStop-1][org.springframework.boot.web.servlet.AbstractFilterRegistrationBean.configure:258]:Mapping filter: 'hiddenHttpMethodFilter' to: [/*]
[2018-03-05 18:00:29][INFO ][localhost-startStop-1][org.springframework.boot.web.servlet.AbstractFilterRegistrationBean.configure:258]:Mapping filter: 'httpPutFormContentFilter' to: [/*]
[2018-03-05 18:00:29][INFO ][localhost-startStop-1][org.springframework.boot.web.servlet.AbstractFilterRegistrationBean.configure:258]:Mapping filter: 'requestContextFilter' to: [/*]
[2018-03-05 18:00:29][INFO ][main][org.springframework.web.servlet.mvc.method.annotation.RequestMappingHandlerAdapter.initControllerAdviceCache:534]:Looking for @ControllerAdvice: org.springframework.boot.context.embedded.AnnotationConfigEmbeddedWebApplicationContext@77e46978: startup date [Mon Mar 05 18:00:27 CST 2018]; root of context hierarchy
[2018-03-05 18:00:29][INFO ][main][org.springframework.web.servlet.handler.AbstractHandlerMethodMapping$MappingRegistry.register:543]:Mapped "{[/testclsloader]}" onto public java.lang.String com.test.springboot.controller.TestClassLoaderController.testApi(javax.servlet.http.HttpServletRequest,javax.servlet.http.HttpServletResponse)
[2018-03-05 18:00:29][INFO ][main][org.springframework.web.servlet.handler.AbstractHandlerMethodMapping$MappingRegistry.register:543]:Mapped "{[/**]}" onto public java.lang.String com.test.springboot.controller.TestRestController.testHome(javax.servlet.http.HttpServletRequest,javax.servlet.http.HttpServletResponse)
[2018-03-05 18:00:29][INFO ][main][org.springframework.web.servlet.handler.AbstractHandlerMethodMapping$MappingRegistry.register:543]:Mapped "{[/error]}" onto public org.springframework.http.ResponseEntity<java.util.Map<java.lang.String, java.lang.Object>> org.springframework.boot.autoconfigure.web.BasicErrorController.error(javax.servlet.http.HttpServletRequest)
[2018-03-05 18:00:29][INFO ][main][org.springframework.web.servlet.handler.AbstractHandlerMethodMapping$MappingRegistry.register:543]:Mapped "{[/error],produces=[text/html]}" onto public org.springframework.web.servlet.ModelAndView org.springframework.boot.autoconfigure.web.BasicErrorController.errorHtml(javax.servlet.http.HttpServletRequest,javax.servlet.http.HttpServletResponse)
[2018-03-05 18:00:29][INFO ][main][org.springframework.web.servlet.handler.AbstractUrlHandlerMapping.registerHandler:354]:Mapped URL path [/webjars/**] onto handler of type [class org.springframework.web.servlet.resource.ResourceHttpRequestHandler]
[2018-03-05 18:00:29][INFO ][main][org.springframework.web.servlet.handler.AbstractUrlHandlerMapping.registerHandler:354]:Mapped URL path [/**] onto handler of type [class org.springframework.web.servlet.resource.ResourceHttpRequestHandler]
[2018-03-05 18:00:29][INFO ][main][org.springframework.web.servlet.handler.AbstractUrlHandlerMapping.registerHandler:354]:Mapped URL path [/**/favicon.ico] onto handler of type [class org.springframework.web.servlet.resource.ResourceHttpRequestHandler]
[2018-03-05 18:00:30][INFO ][main][org.springframework.jmx.export.MBeanExporter.afterSingletonsInstantiated:431]:Registering beans for JMX exposure on startup
[2018-03-05 18:00:30][INFO ][main][org.springframework.context.support.DefaultLifecycleProcessor$LifecycleGroup.start:341]:Starting beans in phase 2147483647
[2018-03-05 18:00:30][INFO ][main][org.apache.juli.logging.DirectJDKLog.log:179]:Initializing ProtocolHandler ["http-nio-8077"]
[2018-03-05 18:00:30][INFO ][main][org.apache.juli.logging.DirectJDKLog.log:179]:Starting ProtocolHandler ["http-nio-8077"]
[2018-03-05 18:00:30][INFO ][main][org.apache.juli.logging.DirectJDKLog.log:179]:Using a shared selector for servlet write/read
[2018-03-05 18:00:30][INFO ][main][org.springframework.boot.context.embedded.tomcat.TomcatEmbeddedServletContainer.start:201]:Tomcat started on port(s): 8077 (http)
[2018-03-05 18:00:30][INFO ][main][cn.yunyichina.front.StartUp.start:44]:=====Initialize eslogger successful=====
[2018-03-05 18:00:30][INFO ][main][org.springframework.boot.StartupInfoLogger.logStarted:57]:Started TestSpringBoot in 3.435 seconds (JVM running for 3.894)
