[2018-03-06 16:39:23][DEBUG][http-nio-8077-exec-1][org.springframework.web.servlet.HttpServletBean.init:118]:Initializing servlet 'dispatcherServlet'
[2018-03-06 16:39:23][INFO ][http-nio-8077-exec-1][org.apache.juli.logging.DirectJDKLog.log:179]:Initializing Spring FrameworkServlet 'dispatcherServlet'
[2018-03-06 16:39:23][INFO ][http-nio-8077-exec-1][org.springframework.web.servlet.FrameworkServlet.initServletBean:489]:FrameworkServlet 'dispatcherServlet': initialization started
[2018-03-06 16:39:23][DEBUG][http-nio-8077-exec-1][org.springframework.beans.factory.support.AbstractBeanFactory.doGetBean:251]:Returning cached instance of singleton bean 'multipartResolver'
[2018-03-06 16:39:23][DEBUG][http-nio-8077-exec-1][org.springframework.web.servlet.DispatcherServlet.initMultipartResolver:504]:Using MultipartResolver [org.springframework.web.multipart.support.StandardServletMultipartResolver@1a7b9d98]
[2018-03-06 16:39:23][DEBUG][http-nio-8077-exec-1][org.springframework.beans.factory.support.AbstractAutowireCapableBeanFactory.createBean:448]:Creating instance of bean 'org.springframework.web.servlet.i18n.AcceptHeaderLocaleResolver'
[2018-03-06 16:39:23][DEBUG][http-nio-8077-exec-1][org.springframework.beans.factory.support.AbstractAutowireCapableBeanFactory.createBean:484]:Finished creating instance of bean 'org.springframework.web.servlet.i18n.AcceptHeaderLocaleResolver'
[2018-03-06 16:39:23][DEBUG][http-nio-8077-exec-1][org.springframework.web.servlet.DispatcherServlet.initLocaleResolver:533]:Unable to locate LocaleResolver with name 'localeResolver': using default [org.springframework.web.servlet.i18n.AcceptHeaderLocaleResolver@42b8232c]
[2018-03-06 16:39:23][DEBUG][http-nio-8077-exec-1][org.springframework.beans.factory.support.AbstractAutowireCapableBeanFactory.createBean:448]:Creating instance of bean 'org.springframework.web.servlet.theme.FixedThemeResolver'
[2018-03-06 16:39:23][DEBUG][http-nio-8077-exec-1][org.springframework.beans.factory.support.AbstractAutowireCapableBeanFactory.createBean:484]:Finished creating instance of bean 'org.springframework.web.servlet.theme.FixedThemeResolver'
[2018-03-06 16:39:23][DEBUG][http-nio-8077-exec-1][org.springframework.web.servlet.DispatcherServlet.initThemeResolver:555]:Unable to locate ThemeResolver with name 'themeResolver': using default [org.springframework.web.servlet.theme.FixedThemeResolver@4449c40a]
[2018-03-06 16:39:23][DEBUG][http-nio-8077-exec-1][org.springframework.beans.factory.support.AbstractBeanFactory.doGetBean:251]:Returning cached instance of singleton bean 'requestMappingHandlerMapping'
[2018-03-06 16:39:23][DEBUG][http-nio-8077-exec-1][org.springframework.beans.factory.support.AbstractBeanFactory.doGetBean:251]:Returning cached instance of singleton bean 'viewControllerHandlerMapping'
[2018-03-06 16:39:23][DEBUG][http-nio-8077-exec-1][org.springframework.beans.factory.support.AbstractBeanFactory.doGetBean:251]:Returning cached instance of singleton bean 'beanNameHandlerMapping'
[2018-03-06 16:39:23][DEBUG][http-nio-8077-exec-1][org.springframework.beans.factory.support.AbstractBeanFactory.doGetBean:251]:Returning cached instance of singleton bean 'resourceHandlerMapping'
[2018-03-06 16:39:23][DEBUG][http-nio-8077-exec-1][org.springframework.beans.factory.support.AbstractBeanFactory.doGetBean:251]:Returning cached instance of singleton bean 'defaultServletHandlerMapping'
[2018-03-06 16:39:23][DEBUG][http-nio-8077-exec-1][org.springframework.beans.factory.support.AbstractBeanFactory.doGetBean:251]:Returning cached instance of singleton bean 'faviconHandlerMapping'
[2018-03-06 16:39:23][DEBUG][http-nio-8077-exec-1][org.springframework.beans.factory.support.AbstractBeanFactory.doGetBean:251]:Returning cached instance of singleton bean 'welcomePageHandlerMapping'
[2018-03-06 16:39:23][DEBUG][http-nio-8077-exec-1][org.springframework.beans.factory.support.AbstractBeanFactory.doGetBean:251]:Returning cached instance of singleton bean 'requestMappingHandlerAdapter'
[2018-03-06 16:39:23][DEBUG][http-nio-8077-exec-1][org.springframework.beans.factory.support.AbstractBeanFactory.doGetBean:251]:Returning cached instance of singleton bean 'httpRequestHandlerAdapter'
[2018-03-06 16:39:23][DEBUG][http-nio-8077-exec-1][org.springframework.beans.factory.support.AbstractBeanFactory.doGetBean:251]:Returning cached instance of singleton bean 'simpleControllerHandlerAdapter'
[2018-03-06 16:39:23][DEBUG][http-nio-8077-exec-1][org.springframework.beans.factory.support.AbstractBeanFactory.doGetBean:251]:Returning cached instance of singleton bean 'errorAttributes'
[2018-03-06 16:39:23][DEBUG][http-nio-8077-exec-1][org.springframework.beans.factory.support.AbstractBeanFactory.doGetBean:251]:Returning cached instance of singleton bean 'handlerExceptionResolver'
[2018-03-06 16:39:23][DEBUG][http-nio-8077-exec-1][org.springframework.beans.factory.support.AbstractAutowireCapableBeanFactory.createBean:448]:Creating instance of bean 'org.springframework.web.servlet.view.DefaultRequestToViewNameTranslator'
[2018-03-06 16:39:23][DEBUG][http-nio-8077-exec-1][org.springframework.beans.factory.support.AbstractAutowireCapableBeanFactory.createBean:484]:Finished creating instance of bean 'org.springframework.web.servlet.view.DefaultRequestToViewNameTranslator'
[2018-03-06 16:39:23][DEBUG][http-nio-8077-exec-1][org.springframework.web.servlet.DispatcherServlet.initRequestToViewNameTranslator:692]:Unable to locate RequestToViewNameTranslator with name 'viewNameTranslator': using default [org.springframework.web.servlet.view.DefaultRequestToViewNameTranslator@3e0b229a]
[2018-03-06 16:39:23][DEBUG][http-nio-8077-exec-1][org.springframework.beans.factory.support.AbstractBeanFactory.doGetBean:251]:Returning cached instance of singleton bean 'beanNameViewResolver'
[2018-03-06 16:39:23][DEBUG][http-nio-8077-exec-1][org.springframework.beans.factory.support.AbstractBeanFactory.doGetBean:251]:Returning cached instance of singleton bean 'mvcViewResolver'
[2018-03-06 16:39:23][DEBUG][http-nio-8077-exec-1][org.springframework.beans.factory.support.AbstractBeanFactory.doGetBean:251]:Returning cached instance of singleton bean 'defaultViewResolver'
[2018-03-06 16:39:23][DEBUG][http-nio-8077-exec-1][org.springframework.beans.factory.support.AbstractBeanFactory.doGetBean:251]:Returning cached instance of singleton bean 'viewResolver'
[2018-03-06 16:39:23][DEBUG][http-nio-8077-exec-1][org.springframework.beans.factory.support.AbstractAutowireCapableBeanFactory.createBean:448]:Creating instance of bean 'org.springframework.web.servlet.support.SessionFlashMapManager'
[2018-03-06 16:39:23][DEBUG][http-nio-8077-exec-1][org.springframework.beans.factory.support.AbstractAutowireCapableBeanFactory.createBean:484]:Finished creating instance of bean 'org.springframework.web.servlet.support.SessionFlashMapManager'
[2018-03-06 16:39:23][DEBUG][http-nio-8077-exec-1][org.springframework.web.servlet.DispatcherServlet.initFlashMapManager:753]:Unable to locate FlashMapManager with name 'flashMapManager': using default [org.springframework.web.servlet.support.SessionFlashMapManager@4a357d12]
[2018-03-06 16:39:23][DEBUG][http-nio-8077-exec-1][org.springframework.web.servlet.FrameworkServlet.initWebApplicationContext:568]:Published WebApplicationContext of servlet 'dispatcherServlet' as ServletContext attribute with name [org.springframework.web.servlet.FrameworkServlet.CONTEXT.dispatcherServlet]
[2018-03-06 16:39:23][INFO ][http-nio-8077-exec-1][org.springframework.web.servlet.FrameworkServlet.initServletBean:508]:FrameworkServlet 'dispatcherServlet': initialization completed in 35 ms
[2018-03-06 16:39:23][DEBUG][http-nio-8077-exec-1][org.springframework.web.servlet.HttpServletBean.init:139]:Servlet 'dispatcherServlet' configured successfully
[2018-03-06 16:39:23][DEBUG][http-nio-8077-exec-1][org.springframework.web.filter.RequestContextFilter.initContextHolders:114]:Bound request context to thread: org.apache.catalina.connector.RequestFacade@4eac3edf
[2018-03-06 16:39:23][DEBUG][http-nio-8077-exec-1][org.springframework.web.servlet.DispatcherServlet.doService:865]:DispatcherServlet with name 'dispatcherServlet' processing GET request for [/]
[2018-03-06 16:39:23][DEBUG][http-nio-8077-exec-1][org.springframework.web.servlet.handler.AbstractHandlerMethodMapping.getHandlerInternal:310]:Looking up handler method for path /
[2018-03-06 16:39:23][DEBUG][http-nio-8077-exec-1][org.springframework.web.servlet.handler.AbstractHandlerMethodMapping.getHandlerInternal:317]:Returning handler method [public java.lang.String com.test.springboot.controller.TestRestController.testHome(javax.servlet.http.HttpServletRequest,javax.servlet.http.HttpServletResponse)]
[2018-03-06 16:39:23][DEBUG][http-nio-8077-exec-1][org.springframework.beans.factory.support.AbstractBeanFactory.doGetBean:251]:Returning cached instance of singleton bean 'testRestController'
[2018-03-06 16:39:23][DEBUG][http-nio-8077-exec-1][org.springframework.web.servlet.DispatcherServlet.doDispatch:951]:Last-Modified value for [/] is: -1
