[2018-03-08 14:14:30][INFO ][main][org.springframework.boot.StartupInfoLogger.logStarting:48]:Starting TestSpringBoot on USER-20160201BI with PID 10044 (E:\work\xcs\xcs-demo\target\classes started by Administrator in E:\work\xcs\xcs-demo)
[2018-03-08 14:14:30][ERROR][main][com.xchushi.fw.transfer.sender.HttpSender.<init>:73]:initHttpSender fail:initCollectSendExecutor fail:Assert fail, bl isn't true
com.xchushi.fw.common.exception.InitException: initCollectSendExecutor fail:Assert fail, bl isn't true
	at com.xchushi.fw.transfer.runner.DefalutCollectSendRunner.<init>(DefalutCollectSendRunner.java:69)
	at com.xchushi.fw.transfer.sender.HttpSender.initHttpSender(HttpSender.java:115)
	at com.xchushi.fw.transfer.sender.HttpSender.<init>(HttpSender.java:71)
	at com.xchushi.fw.transfer.sender.HttpSender.<init>(HttpSender.java:65)
	at com.xchushi.fw.transfer.sender.HttpSender.<init>(HttpSender.java:61)
	at com.xchushi.fw.transfer.sender.HttpSender.getSender(HttpSender.java:154)
	at com.xchushi.fw.transfer.sender.SenderFactory.getSender(SenderFactory.java:6)
	at com.xchushi.fw.log.elasticsearch.logger.TCPEsLogger.<init>(TCPEsLogger.java:39)
	at com.xchushi.fw.log.elasticsearch.logger.TCPEsLogger.getLogger(TCPEsLogger.java:53)
	at com.xchushi.fw.log.XcsLoggerFactory.getLogger(XcsLoggerFactory.java:10)
	at com.xchushi.fw.log.logback.XcsLogbackAppender.initXcsLogbackLogger(XcsLogbackAppender.java:54)
	at com.xchushi.fw.log.logback.XcsLogbackAppender.append(XcsLogbackAppender.java:31)
	at com.xchushi.fw.log.logback.XcsLogbackAppender.append(XcsLogbackAppender.java:17)
	at ch.qos.logback.core.AppenderBase.doAppend(AppenderBase.java:82)
	at ch.qos.logback.core.spi.AppenderAttachableImpl.appendLoopOnAppenders(AppenderAttachableImpl.java:51)
	at ch.qos.logback.classic.Logger.appendLoopOnAppenders(Logger.java:270)
	at ch.qos.logback.classic.Logger.callAppenders(Logger.java:257)
	at ch.qos.logback.classic.Logger.buildLoggingEventAndAppend(Logger.java:421)
	at ch.qos.logback.classic.Logger.filterAndLog_0_Or3Plus(Logger.java:383)
	at ch.qos.logback.classic.Logger.log(Logger.java:765)
	at org.apache.commons.logging.impl.SLF4JLocationAwareLog.info(SLF4JLocationAwareLog.java:155)
	at org.springframework.boot.StartupInfoLogger.logStarting(StartupInfoLogger.java:48)
	at org.springframework.boot.SpringApplication.logStartupInfo(SpringApplication.java:579)
	at org.springframework.boot.SpringApplication.prepareContext(SpringApplication.java:341)
	at org.springframework.boot.SpringApplication.run(SpringApplication.java:301)
	at com.test.springboot.TestSpringBoot.main(TestSpringBoot.java:11)
Caused by: java.lang.IllegalArgumentException: Assert fail, bl isn't true
	at com.xchushi.fw.common.Asset.isTrue(Asset.java:27)
	at com.xchushi.fw.common.Asset.isTrue(Asset.java:32)
	at com.xchushi.fw.common.util.SimpleFileQueue.<init>(SimpleFileQueue.java:45)
	at com.xchushi.fw.common.util.SimpleFileQueue.<init>(SimpleFileQueue.java:33)
	at com.xchushi.fw.transfer.runner.DefalutCollectSendRunner.initCollectSendExecutor(DefalutCollectSendRunner.java:82)
	at com.xchushi.fw.transfer.runner.DefalutCollectSendRunner.<init>(DefalutCollectSendRunner.java:67)
	... 25 common frames omitted
[2018-03-08 14:14:30][INFO ][main][org.springframework.boot.SpringApplication.logStartupProfileInfo:597]:The following profiles are active: default
[2018-03-08 14:14:31][INFO ][main][org.springframework.context.support.AbstractApplicationContext.prepareRefresh:581]:Refreshing org.springframework.boot.context.embedded.AnnotationConfigEmbeddedWebApplicationContext@1fe2dcce: startup date [Thu Mar 08 14:14:31 CST 2018]; root of context hierarchy
[2018-03-08 14:14:31][INFO ][background-preinit][org.hibernate.validator.internal.util.Version.<clinit>:30]:HV000001: Hibernate Validator 5.3.5.Final
[2018-03-08 14:14:32][INFO ][main][org.springframework.boot.context.embedded.tomcat.TomcatEmbeddedServletContainer.initialize:89]:Tomcat initialized with port(s): 8077 (http)
[2018-03-08 14:14:32][INFO ][main][org.apache.juli.logging.DirectJDKLog.log:179]:Starting service [Tomcat]
[2018-03-08 14:14:32][INFO ][main][org.apache.juli.logging.DirectJDKLog.log:179]:Starting Servlet Engine: Apache Tomcat/8.5.16
[2018-03-08 14:14:32][INFO ][localhost-startStop-1][org.apache.juli.logging.DirectJDKLog.log:179]:Initializing Spring embedded WebApplicationContext
[2018-03-08 14:14:32][INFO ][localhost-startStop-1][org.springframework.boot.context.embedded.EmbeddedWebApplicationContext.prepareEmbeddedWebApplicationContext:276]:Root WebApplicationContext: initialization completed in 1545 ms
[2018-03-08 14:14:32][INFO ][localhost-startStop-1][org.springframework.boot.web.servlet.ServletRegistrationBean.onStartup:190]:Mapping servlet: 'dispatcherServlet' to [/]
[2018-03-08 14:14:32][INFO ][localhost-startStop-1][org.springframework.boot.web.servlet.AbstractFilterRegistrationBean.configure:258]:Mapping filter: 'characterEncodingFilter' to: [/*]
[2018-03-08 14:14:32][INFO ][localhost-startStop-1][org.springframework.boot.web.servlet.AbstractFilterRegistrationBean.configure:258]:Mapping filter: 'hiddenHttpMethodFilter' to: [/*]
[2018-03-08 14:14:32][INFO ][localhost-startStop-1][org.springframework.boot.web.servlet.AbstractFilterRegistrationBean.configure:258]:Mapping filter: 'httpPutFormContentFilter' to: [/*]
[2018-03-08 14:14:32][INFO ][localhost-startStop-1][org.springframework.boot.web.servlet.AbstractFilterRegistrationBean.configure:258]:Mapping filter: 'requestContextFilter' to: [/*]
[2018-03-08 14:14:33][INFO ][main][org.springframework.web.servlet.mvc.method.annotation.RequestMappingHandlerAdapter.initControllerAdviceCache:534]:Looking for @ControllerAdvice: org.springframework.boot.context.embedded.AnnotationConfigEmbeddedWebApplicationContext@1fe2dcce: startup date [Thu Mar 08 14:14:31 CST 2018]; root of context hierarchy
[2018-03-08 14:14:33][INFO ][main][org.springframework.web.servlet.handler.AbstractHandlerMethodMapping$MappingRegistry.register:543]:Mapped "{[/testclsloader]}" onto public java.lang.String com.test.springboot.controller.TestClassLoaderController.testApi(javax.servlet.http.HttpServletRequest,javax.servlet.http.HttpServletResponse)
[2018-03-08 14:14:33][INFO ][main][org.springframework.web.servlet.handler.AbstractHandlerMethodMapping$MappingRegistry.register:543]:Mapped "{[/**]}" onto public java.lang.String com.test.springboot.controller.TestRestController.testHome(javax.servlet.http.HttpServletRequest,javax.servlet.http.HttpServletResponse)
[2018-03-08 14:14:33][INFO ][main][org.springframework.web.servlet.handler.AbstractHandlerMethodMapping$MappingRegistry.register:543]:Mapped "{[/error]}" onto public org.springframework.http.ResponseEntity<java.util.Map<java.lang.String, java.lang.Object>> org.springframework.boot.autoconfigure.web.BasicErrorController.error(javax.servlet.http.HttpServletRequest)
[2018-03-08 14:14:33][INFO ][main][org.springframework.web.servlet.handler.AbstractHandlerMethodMapping$MappingRegistry.register:543]:Mapped "{[/error],produces=[text/html]}" onto public org.springframework.web.servlet.ModelAndView org.springframework.boot.autoconfigure.web.BasicErrorController.errorHtml(javax.servlet.http.HttpServletRequest,javax.servlet.http.HttpServletResponse)
[2018-03-08 14:14:33][INFO ][main][org.springframework.web.servlet.handler.AbstractUrlHandlerMapping.registerHandler:354]:Mapped URL path [/webjars/**] onto handler of type [class org.springframework.web.servlet.resource.ResourceHttpRequestHandler]
[2018-03-08 14:14:33][INFO ][main][org.springframework.web.servlet.handler.AbstractUrlHandlerMapping.registerHandler:354]:Mapped URL path [/**] onto handler of type [class org.springframework.web.servlet.resource.ResourceHttpRequestHandler]
[2018-03-08 14:14:33][INFO ][main][org.springframework.web.servlet.handler.AbstractUrlHandlerMapping.registerHandler:354]:Mapped URL path [/**/favicon.ico] onto handler of type [class org.springframework.web.servlet.resource.ResourceHttpRequestHandler]
[2018-03-08 14:14:33][INFO ][main][org.springframework.jmx.export.MBeanExporter.afterSingletonsInstantiated:431]:Registering beans for JMX exposure on startup
[2018-03-08 14:14:34][INFO ][main][org.springframework.context.support.DefaultLifecycleProcessor$LifecycleGroup.start:341]:Starting beans in phase 2147483647
[2018-03-08 14:14:34][INFO ][main][org.apache.juli.logging.DirectJDKLog.log:179]:Initializing ProtocolHandler ["http-nio-8077"]
[2018-03-08 14:14:34][INFO ][main][org.apache.juli.logging.DirectJDKLog.log:179]:Starting ProtocolHandler ["http-nio-8077"]
[2018-03-08 14:14:34][INFO ][main][org.apache.juli.logging.DirectJDKLog.log:179]:Using a shared selector for servlet write/read
[2018-03-08 14:14:34][INFO ][main][org.springframework.boot.context.embedded.tomcat.TomcatEmbeddedServletContainer.start:201]:Tomcat started on port(s): 8077 (http)
[2018-03-08 14:14:34][INFO ][main][cn.yunyichina.front.StartUp.start:40]:=====Initialize eslogger successful=====
[2018-03-08 14:14:34][INFO ][main][org.springframework.boot.StartupInfoLogger.logStarted:57]:Started TestSpringBoot in 3.553 seconds (JVM running for 3.964)
