[2018-03-06 17:02:10][DEBUG][main][org.springframework.boot.logging.ClasspathLoggingApplicationListener.onApplicationEvent:52]:Application started with classpath: [file:/E:/work/xcs/xcs-demo/target/classes/, file:/E:/maven/java/org/springframework/boot/spring-boot-starter-web/1.5.6.RELEASE/spring-boot-starter-web-1.5.6.RELEASE.jar, file:/E:/maven/java/org/springframework/boot/spring-boot-starter/1.5.6.RELEASE/spring-boot-starter-1.5.6.RELEASE.jar, file:/E:/maven/java/org/springframework/boot/spring-boot/1.5.6.RELEASE/spring-boot-1.5.6.RELEASE.jar, file:/E:/maven/java/org/springframework/boot/spring-boot-autoconfigure/1.5.6.RELEASE/spring-boot-autoconfigure-1.5.6.RELEASE.jar, file:/E:/maven/java/org/springframework/boot/spring-boot-starter-logging/1.5.6.RELEASE/spring-boot-starter-logging-1.5.6.RELEASE.jar, file:/E:/maven/java/org/slf4j/jcl-over-slf4j/1.7.25/jcl-over-slf4j-1.7.25.jar, file:/E:/maven/java/org/slf4j/jul-to-slf4j/1.7.25/jul-to-slf4j-1.7.25.jar, file:/E:/maven/java/org/slf4j/log4j-over-slf4j/1.7.25/log4j-over-slf4j-1.7.25.jar, file:/E:/maven/java/org/yaml/snakeyaml/1.17/snakeyaml-1.17.jar, file:/E:/maven/java/org/springframework/boot/spring-boot-starter-tomcat/1.5.6.RELEASE/spring-boot-starter-tomcat-1.5.6.RELEASE.jar, file:/E:/maven/java/org/apache/tomcat/embed/tomcat-embed-core/8.5.16/tomcat-embed-core-8.5.16.jar, file:/E:/maven/java/org/apache/tomcat/embed/tomcat-embed-el/8.5.16/tomcat-embed-el-8.5.16.jar, file:/E:/maven/java/org/apache/tomcat/embed/tomcat-embed-websocket/8.5.16/tomcat-embed-websocket-8.5.16.jar, file:/E:/maven/java/org/hibernate/hibernate-validator/5.3.5.Final/hibernate-validator-5.3.5.Final.jar, file:/E:/maven/java/javax/validation/validation-api/1.1.0.Final/validation-api-1.1.0.Final.jar, file:/E:/maven/java/org/jboss/logging/jboss-logging/3.3.1.Final/jboss-logging-3.3.1.Final.jar, file:/E:/maven/java/com/fasterxml/classmate/1.3.3/classmate-1.3.3.jar, file:/E:/maven/java/com/fasterxml/jackson/core/jackson-databind/2.8.9/jackson-databind-2.8.9.jar, file:/E:/maven/java/com/fasterxml/jackson/core/jackson-annotations/2.8.0/jackson-annotations-2.8.0.jar, file:/E:/maven/java/com/fasterxml/jackson/core/jackson-core/2.8.9/jackson-core-2.8.9.jar, file:/E:/maven/java/org/springframework/spring-web/4.3.2.RELEASE/spring-web-4.3.2.RELEASE.jar, file:/E:/maven/java/org/springframework/spring-webmvc/4.3.2.RELEASE/spring-webmvc-4.3.2.RELEASE.jar, file:/E:/maven/java/org/springframework/spring-aop/4.3.2.RELEASE/spring-aop-4.3.2.RELEASE.jar, file:/E:/maven/java/org/springframework/spring-beans/4.3.2.RELEASE/spring-beans-4.3.2.RELEASE.jar, file:/E:/maven/java/org/springframework/spring-context/4.3.2.RELEASE/spring-context-4.3.2.RELEASE.jar, file:/E:/maven/java/org/springframework/spring-core/4.3.2.RELEASE/spring-core-4.3.2.RELEASE.jar, file:/E:/maven/java/org/springframework/spring-expression/4.3.2.RELEASE/spring-expression-4.3.2.RELEASE.jar, file:/E:/maven/java/org/springframework/spring-jms/4.3.10.RELEASE/spring-jms-4.3.10.RELEASE.jar, file:/E:/maven/java/org/springframework/spring-messaging/4.3.2.RELEASE/spring-messaging-4.3.2.RELEASE.jar, file:/E:/maven/java/org/springframework/spring-tx/4.3.2.RELEASE/spring-tx-4.3.2.RELEASE.jar, file:/E:/maven/java/net/sf/ehcache/ehcache/2.10.3/ehcache-2.10.3.jar, file:/E:/maven/java/org/slf4j/slf4j-api/1.7.25/slf4j-api-1.7.25.jar, file:/E:/maven/java/io/netty/netty-all/4.1.5.Final/netty-all-4.1.5.Final.jar, file:/E:/maven/java/org/jboss/netty/netty/3.2.5.Final/netty-3.2.5.Final.jar, file:/E:/maven/java/com/github/pagehelper/pagehelper/5.0.0/pagehelper-5.0.0.jar, file:/E:/maven/java/com/github/jsqlparser/jsqlparser/0.9.5/jsqlparser-0.9.5.jar, file:/E:/maven/java/commons-codec/commons-codec/1.10/commons-codec-1.10.jar, file:/E:/maven/java/jstl/jstl/1.2/jstl-1.2.jar, file:/E:/maven/java/taglibs/standard/1.1.2/standard-1.1.2.jar, file:/E:/maven/java/org/jdom/jdom/1.1.3/jdom-1.1.3.jar, file:/E:/maven/java/dom4j/dom4j/1.6.1/dom4j-1.6.1.jar, file:/E:/maven/java/xml-apis/xml-apis/1.4.01/xml-apis-1.4.01.jar, file:/E:/maven/java/jaxen/jaxen/1.1.6/jaxen-1.1.6.jar, file:/E:/maven/java/org/apache/activemq/activemq-core/5.7.0/activemq-core-5.7.0.jar, file:/E:/maven/java/org/apache/geronimo/specs/geronimo-jms_1.1_spec/1.1.1/geronimo-jms_1.1_spec-1.1.1.jar, file:/E:/maven/java/org/apache/activemq/kahadb/5.7.0/kahadb-5.7.0.jar, file:/E:/maven/java/org/apache/activemq/protobuf/activemq-protobuf/1.1/activemq-protobuf-1.1.jar, file:/E:/maven/java/org/fusesource/mqtt-client/mqtt-client/1.3/mqtt-client-1.3.jar, file:/E:/maven/java/org/fusesource/hawtdispatch/hawtdispatch-transport/1.11/hawtdispatch-transport-1.11.jar, file:/E:/maven/java/org/fusesource/hawtdispatch/hawtdispatch/1.11/hawtdispatch-1.11.jar, file:/E:/maven/java/org/fusesource/hawtbuf/hawtbuf/1.9/hawtbuf-1.9.jar, file:/E:/maven/java/org/apache/geronimo/specs/geronimo-j2ee-management_1.1_spec/1.0.1/geronimo-j2ee-management_1.1_spec-1.0.1.jar, file:/E:/maven/java/commons-net/commons-net/3.1/commons-net-3.1.jar, file:/E:/maven/java/org/jasypt/jasypt/1.9.0/jasypt-1.9.0.jar, file:/E:/maven/java/org/apache/commons/commons-lang3/3.5/commons-lang3-3.5.jar, file:/E:/maven/java/org/springframework/spring-test/2.5/spring-test-2.5.jar, file:/E:/maven/java/commons-logging/commons-logging/1.1/commons-logging-1.1.jar, file:/E:/maven/java/junit/junit/4.12/junit-4.12.jar, file:/E:/maven/java/org/hamcrest/hamcrest-core/1.3/hamcrest-core-1.3.jar, file:/E:/maven/java/redis/clients/jedis/2.9.0/jedis-2.9.0.jar, file:/E:/maven/java/org/apache/commons/commons-pool2/2.4.2/commons-pool2-2.4.2.jar, file:/E:/maven/java/com/google/guava/guava/18.0/guava-18.0.jar, file:/E:/maven/java/cglib/cglib/2.2/cglib-2.2.jar, file:/E:/maven/java/asm/asm/3.1/asm-3.1.jar, file:/E:/maven/java/com/alibaba/fastjson/1.2.12/fastjson-1.2.12.jar, file:/E:/maven/java/ca/uhn/hapi/hapi-base/2.2/hapi-base-2.2.jar, file:/E:/maven/java/ca/uhn/hapi/hapi-structures-v24/2.3/hapi-structures-v24-2.3.jar, file:/E:/maven/java/org/apache/httpcomponents/httpclient/4.5.3/httpclient-4.5.3.jar, file:/E:/maven/java/org/apache/httpcomponents/httpcore/4.4.6/httpcore-4.4.6.jar, file:/E:/maven/java/org/projectlombok/lombok/1.16.14/lombok-1.16.14.jar, file:/E:/work/xcs/xcs-common/target/classes/, file:/E:/maven/java/ch/qos/logback/logback-classic/1.1.11/logback-classic-1.1.11.jar, file:/E:/maven/java/ch/qos/logback/logback-core/1.1.11/logback-core-1.1.11.jar]
[2018-03-06 17:02:10][DEBUG][main][org.springframework.core.env.PropertySourcesPropertyResolver.getProperty:91]:Could not find key 'context.listener.classes' in any property source
[2018-03-06 17:02:10][DEBUG][main][org.springframework.core.env.PropertySourcesPropertyResolver.getProperty:91]:Could not find key 'banner.image.location' in any property source
[2018-03-06 17:02:10][DEBUG][main][org.springframework.core.env.PropertySourcesPropertyResolver.getProperty:91]:Could not find key 'banner.location' in any property source
[2018-03-06 17:02:10][DEBUG][main][org.springframework.core.env.MutablePropertySources.addLast:109]:Adding [servletConfigInitParams] PropertySource with lowest search precedence
[2018-03-06 17:02:10][DEBUG][main][org.springframework.core.env.MutablePropertySources.addLast:109]:Adding [servletContextInitParams] PropertySource with lowest search precedence
[2018-03-06 17:02:10][DEBUG][main][org.springframework.core.env.MutablePropertySources.addLast:109]:Adding [systemProperties] PropertySource with lowest search precedence
[2018-03-06 17:02:10][DEBUG][main][org.springframework.core.env.MutablePropertySources.addLast:109]:Adding [systemEnvironment] PropertySource with lowest search precedence
[2018-03-06 17:02:10][DEBUG][main][org.springframework.core.env.AbstractEnvironment.<init>:127]:Initialized StandardServletEnvironment with PropertySources [servletConfigInitParams,servletContextInitParams,systemProperties,systemEnvironment]
[2018-03-06 17:02:10][DEBUG][main][org.springframework.context.annotation.ClassPathScanningCandidateComponentProvider.registerDefaultFilters:244]:JSR-250 'javax.annotation.ManagedBean' found and supported for component scanning
[2018-03-06 17:02:10][DEBUG][main][org.springframework.core.env.PropertySourcesPropertyResolver.getProperty:91]:Could not find key 'context.initializer.classes' in any property source
[2018-03-06 17:02:10][DEBUG][main][org.springframework.core.env.PropertySourcesPropertyResolver.getProperty:91]:Could not find key 'spring.config.name:application' in any property source
[2018-03-06 17:02:10][DEBUG][main][org.springframework.core.env.PropertySourcesPropertyResolver.getProperty:91]:Could not find key 'spring.config.name' in any property source
[2018-03-06 17:02:10][DEBUG][main][org.springframework.core.env.PropertySourcesPropertyResolver.getProperty:91]:Could not find key 'vcap.application.name:application' in any property source
[2018-03-06 17:02:10][DEBUG][main][org.springframework.core.env.PropertySourcesPropertyResolver.getProperty:91]:Could not find key 'vcap.application.name' in any property source
[2018-03-06 17:02:10][DEBUG][main][org.springframework.core.env.PropertySourcesPropertyResolver.getProperty:91]:Could not find key 'spring.application.name:application' in any property source
[2018-03-06 17:02:10][DEBUG][main][org.springframework.core.env.PropertySourcesPropertyResolver.getProperty:91]:Could not find key 'spring.application.name' in any property source
[2018-03-06 17:02:10][DEBUG][main][org.springframework.core.env.PropertySourcesPropertyResolver.getProperty:91]:Could not find key 'PORT:null' in any property source
[2018-03-06 17:02:10][DEBUG][main][org.springframework.core.env.PropertySourcesPropertyResolver.getProperty:91]:Could not find key 'PORT' in any property source
[2018-03-06 17:02:10][DEBUG][main][org.springframework.core.env.PropertySourcesPropertyResolver.getProperty:91]:Could not find key 'server.port:null' in any property source
[2018-03-06 17:02:10][DEBUG][main][org.springframework.core.env.PropertySourcesPropertyResolver.logKeyFound:149]:Found key 'server.port' in [applicationConfigurationProperties] with type [Integer] and value '8077'
[2018-03-06 17:02:10][DEBUG][main][org.springframework.core.env.PropertySourcesPropertyResolver.getProperty:91]:Could not find key 'spring.application.index:8077' in any property source
[2018-03-06 17:02:10][DEBUG][main][org.springframework.core.env.PropertySourcesPropertyResolver.getProperty:91]:Could not find key 'spring.application.index' in any property source
[2018-03-06 17:02:10][DEBUG][main][org.springframework.core.env.PropertySourcesPropertyResolver.getProperty:91]:Could not find key 'vcap.application.instance_index:8077' in any property source
[2018-03-06 17:02:10][DEBUG][main][org.springframework.core.env.PropertySourcesPropertyResolver.getProperty:91]:Could not find key 'vcap.application.instance_index' in any property source
[2018-03-06 17:02:10][DEBUG][main][org.springframework.beans.factory.support.AbstractBeanFactory.doGetBean:251]:Returning cached instance of singleton bean 'autoConfigurationReport'
[2018-03-06 17:02:10][INFO ][main][org.springframework.boot.StartupInfoLogger.logStarting:48]:Starting TestSpringBoot on USER-20160201BI with PID 8832 (E:\work\xcs\xcs-demo\target\classes started by Administrator in E:\work\xcs\xcs-demo)
[2018-03-06 17:02:10][DEBUG][main][org.springframework.boot.StartupInfoLogger.logStarting:51]:Running with Spring Boot v1.5.6.RELEASE, Spring v4.3.2.RELEASE
[2018-03-06 17:02:10][INFO ][main][org.springframework.boot.SpringApplication.logStartupProfileInfo:597]:The following profiles are active: default
[2018-03-06 17:02:10][DEBUG][main][org.springframework.boot.SpringApplication.load:621]:Loading source class com.test.springboot.TestSpringBoot
[2018-03-06 17:02:10][DEBUG][main][org.springframework.context.annotation.ClassPathScanningCandidateComponentProvider.registerDefaultFilters:244]:JSR-250 'javax.annotation.ManagedBean' found and supported for component scanning
[2018-03-06 17:02:10][DEBUG][main][org.springframework.boot.logging.DeferredLog$Line.replayTo:172]:Activated profiles default
[2018-03-06 17:02:10][DEBUG][main][org.springframework.boot.logging.DeferredLog$Line.replayTo:172]:Loaded config file 'file:/E:/work/xcs/xcs-demo/target/classes/application.yml' (classpath:/application.yml)
[2018-03-06 17:02:10][DEBUG][main][org.springframework.boot.logging.DeferredLog$Line.replayTo:172]:Skipped (empty) config file 'file:/E:/work/xcs/xcs-demo/target/classes/application.yml' (classpath:/application.yml) for profile default
[2018-03-06 17:02:10][INFO ][main][org.springframework.context.support.AbstractApplicationContext.prepareRefresh:581]:Refreshing org.springframework.boot.context.embedded.AnnotationConfigEmbeddedWebApplicationContext@53785fd3: startup date [Tue Mar 06 17:02:10 CST 2018]; root of context hierarchy
[2018-03-06 17:02:10][DEBUG][main][org.springframework.context.support.AbstractApplicationContext.obtainFreshBeanFactory:615]:Bean factory for org.springframework.boot.context.embedded.AnnotationConfigEmbeddedWebApplicationContext@53785fd3: org.springframework.beans.factory.support.DefaultListableBeanFactory@777146c8: defining beans [org.springframework.context.annotation.internalConfigurationAnnotationProcessor,org.springframework.context.annotation.internalAutowiredAnnotationProcessor,org.springframework.context.annotation.internalRequiredAnnotationProcessor,org.springframework.context.annotation.internalCommonAnnotationProcessor,org.springframework.context.event.internalEventListenerProcessor,org.springframework.context.event.internalEventListenerFactory,testSpringBoot]; root of factory hierarchy
[2018-03-06 17:02:10][DEBUG][main][org.springframework.beans.factory.support.DefaultSingletonBeanRegistry.getSingleton:221]:Creating shared instance of singleton bean 'org.springframework.context.annotation.internalConfigurationAnnotationProcessor'
[2018-03-06 17:02:10][DEBUG][main][org.springframework.beans.factory.support.AbstractAutowireCapableBeanFactory.createBean:448]:Creating instance of bean 'org.springframework.context.annotation.internalConfigurationAnnotationProcessor'
[2018-03-06 17:02:10][DEBUG][main][org.springframework.beans.factory.support.AbstractAutowireCapableBeanFactory.doCreateBean:529]:Eagerly caching bean 'org.springframework.context.annotation.internalConfigurationAnnotationProcessor' to allow for resolving potential circular references
[2018-03-06 17:02:10][DEBUG][main][org.springframework.beans.factory.support.DefaultSingletonBeanRegistry.getSingleton:221]:Creating shared instance of singleton bean 'org.springframework.boot.autoconfigure.internalCachingMetadataReaderFactory'
[2018-03-06 17:02:10][DEBUG][main][org.springframework.beans.factory.support.AbstractAutowireCapableBeanFactory.createBean:448]:Creating instance of bean 'org.springframework.boot.autoconfigure.internalCachingMetadataReaderFactory'
[2018-03-06 17:02:10][DEBUG][main][org.springframework.beans.factory.support.AbstractAutowireCapableBeanFactory.doCreateBean:529]:Eagerly caching bean 'org.springframework.boot.autoconfigure.internalCachingMetadataReaderFactory' to allow for resolving potential circular references
[2018-03-06 17:02:10][DEBUG][main][org.springframework.beans.factory.support.AbstractAutowireCapableBeanFactory.createBean:484]:Finished creating instance of bean 'org.springframework.boot.autoconfigure.internalCachingMetadataReaderFactory'
[2018-03-06 17:02:10][DEBUG][main][org.springframework.beans.factory.support.AbstractAutowireCapableBeanFactory.createBean:484]:Finished creating instance of bean 'org.springframework.context.annotation.internalConfigurationAnnotationProcessor'
[2018-03-06 17:02:10][DEBUG][main][org.springframework.core.env.MutablePropertySources.addLast:109]:Adding [systemProperties] PropertySource with lowest search precedence
[2018-03-06 17:02:10][DEBUG][main][org.springframework.core.env.MutablePropertySources.addLast:109]:Adding [systemEnvironment] PropertySource with lowest search precedence
[2018-03-06 17:02:10][DEBUG][main][org.springframework.core.env.AbstractEnvironment.<init>:127]:Initialized StandardEnvironment with PropertySources [systemProperties,systemEnvironment]
[2018-03-06 17:02:10][DEBUG][main][org.springframework.context.annotation.ClassPathScanningCandidateComponentProvider.registerDefaultFilters:244]:JSR-250 'javax.annotation.ManagedBean' found and supported for component scanning
[2018-03-06 17:02:10][DEBUG][main][org.springframework.core.io.support.PathMatchingResourcePatternResolver.findAllClassPathResources:317]:Resolved classpath location [com/test/springboot/] to resources [URL [file:/E:/work/xcs/xcs-demo/target/classes/com/test/springboot/]]
[2018-03-06 17:02:10][DEBUG][main][org.springframework.core.io.support.PathMatchingResourcePatternResolver.doFindMatchingFileSystemResources:711]:Looking for matching resources in directory tree [E:\work\xcs\xcs-demo\target\classes\com\test\springboot]
[2018-03-06 17:02:10][DEBUG][main][org.springframework.core.io.support.PathMatchingResourcePatternResolver.doRetrieveMatchingFiles:773]:Searching directory [E:\work\xcs\xcs-demo\target\classes\com\test\springboot] for files matching pattern [E:/work/xcs/xcs-demo/target/classes/com/test/springboot/**/*.class]
[2018-03-06 17:02:10][DEBUG][main][org.springframework.core.io.support.PathMatchingResourcePatternResolver.doRetrieveMatchingFiles:773]:Searching directory [E:\work\xcs\xcs-demo\target\classes\com\test\springboot\controller] for files matching pattern [E:/work/xcs/xcs-demo/target/classes/com/test/springboot/**/*.class]
[2018-03-06 17:02:10][DEBUG][main][org.springframework.core.io.support.PathMatchingResourcePatternResolver.doRetrieveMatchingFiles:773]:Searching directory [E:\work\xcs\xcs-demo\target\classes\com\test\springboot\utils] for files matching pattern [E:/work/xcs/xcs-demo/target/classes/com/test/springboot/**/*.class]
[2018-03-06 17:02:10][DEBUG][main][org.springframework.core.io.support.PathMatchingResourcePatternResolver.findPathMatchingResources:483]:Resolved location pattern [classpath*:com/test/springboot/**/*.class] to resources [file [E:\work\xcs\xcs-demo\target\classes\com\test\springboot\controller\TestClassLoaderController.class], file [E:\work\xcs\xcs-demo\target\classes\com\test\springboot\controller\TestRestController.class], file [E:\work\xcs\xcs-demo\target\classes\com\test\springboot\TestSpringBoot.class], file [E:\work\xcs\xcs-demo\target\classes\com\test\springboot\utils\DateUtils.class], file [E:\work\xcs\xcs-demo\target\classes\com\test\springboot\utils\ServletUtils.class]]
[2018-03-06 17:02:10][DEBUG][main][org.springframework.context.annotation.ClassPathScanningCandidateComponentProvider.findCandidateComponents:286]:Identified candidate component class: file [E:\work\xcs\xcs-demo\target\classes\com\test\springboot\controller\TestClassLoaderController.class]
[2018-03-06 17:02:10][DEBUG][main][org.springframework.context.annotation.ClassPathScanningCandidateComponentProvider.findCandidateComponents:286]:Identified candidate component class: file [E:\work\xcs\xcs-demo\target\classes\com\test\springboot\controller\TestRestController.class]
[2018-03-06 17:02:10][DEBUG][main][org.springframework.core.io.support.PathMatchingResourcePatternResolver.findAllClassPathResources:317]:Resolved classpath location [cn/yunyichina/] to resources [URL [jar:file:/C:/Program%20Files/Java/jdk1.7.0_79/jre/lib/ext/cn.zip!/cn/yunyichina/], URL [file:/E:/work/xcs/xcs-demo/target/classes/cn/yunyichina/]]
[2018-03-06 17:02:10][DEBUG][main][org.springframework.core.io.support.PathMatchingResourcePatternResolver.doFindPathMatchingJarResources:610]:Looking for matching resources in jar file [file:/C:/Program%20Files/Java/jdk1.7.0_79/jre/lib/ext/cn.zip]
[2018-03-06 17:02:10][DEBUG][main][org.springframework.core.io.support.PathMatchingResourcePatternResolver.doFindMatchingFileSystemResources:711]:Looking for matching resources in directory tree [E:\work\xcs\xcs-demo\target\classes\cn\yunyichina]
[2018-03-06 17:02:10][DEBUG][main][org.springframework.core.io.support.PathMatchingResourcePatternResolver.doRetrieveMatchingFiles:773]:Searching directory [E:\work\xcs\xcs-demo\target\classes\cn\yunyichina] for files matching pattern [E:/work/xcs/xcs-demo/target/classes/cn/yunyichina/**/*.class]
[2018-03-06 17:02:10][DEBUG][main][org.springframework.core.io.support.PathMatchingResourcePatternResolver.doRetrieveMatchingFiles:773]:Searching directory [E:\work\xcs\xcs-demo\target\classes\cn\yunyichina\front] for files matching pattern [E:/work/xcs/xcs-demo/target/classes/cn/yunyichina/**/*.class]
[2018-03-06 17:02:10][DEBUG][main][org.springframework.core.io.support.PathMatchingResourcePatternResolver.findPathMatchingResources:483]:Resolved location pattern [classpath*:cn/yunyichina/**/*.class] to resources [URL [jar:file:/C:/Program%20Files/Java/jdk1.7.0_79/jre/lib/ext/cn.zip!/cn/yunyichina/AppTest.class], file [E:\work\xcs\xcs-demo\target\classes\cn\yunyichina\front\InitEsRunner$1.class], file [E:\work\xcs\xcs-demo\target\classes\cn\yunyichina\front\InitEsRunner.class], file [E:\work\xcs\xcs-demo\target\classes\cn\yunyichina\front\SpringConfigure.class], file [E:\work\xcs\xcs-demo\target\classes\cn\yunyichina\front\StartUp.class]]
[2018-03-06 17:02:10][DEBUG][main][org.springframework.context.annotation.ClassPathScanningCandidateComponentProvider.findCandidateComponents:286]:Identified candidate component class: file [E:\work\xcs\xcs-demo\target\classes\cn\yunyichina\front\InitEsRunner.class]
[2018-03-06 17:02:10][DEBUG][main][org.springframework.core.env.PropertySourcesPropertyResolver.getProperty:91]:Could not find key 'spring.boot.enableautoconfiguration' in any property source
[2018-03-06 17:02:10][DEBUG][main][org.springframework.beans.factory.support.AbstractBeanFactory.doGetBean:251]:Returning cached instance of singleton bean 'org.springframework.boot.autoconfigure.internalCachingMetadataReaderFactory'
[2018-03-06 17:02:10][DEBUG][main][org.springframework.beans.factory.support.AbstractBeanFactory.doGetBean:251]:Returning cached instance of singleton bean 'autoConfigurationReport'
[2018-03-06 17:02:10][DEBUG][main][org.springframework.beans.factory.support.AbstractBeanFactory.doGetBean:251]:Returning cached instance of singleton bean 'autoConfigurationReport'
[2018-03-06 17:02:10][DEBUG][main][org.springframework.core.env.PropertySourcesPropertyResolver.getProperty:91]:Could not find key 'spring.messages.basename' in any property source
[2018-03-06 17:02:10][DEBUG][main][org.springframework.core.io.support.PathMatchingResourcePatternResolver.findAllClassPathResources:317]:Resolved classpath location [messages.properties] to resources []
[2018-03-06 17:02:10][DEBUG][main][org.springframework.beans.factory.support.AbstractBeanFactory.doGetBean:251]:Returning cached instance of singleton bean 'autoConfigurationReport'
[2018-03-06 17:02:10][DEBUG][main][org.springframework.beans.factory.support.AbstractBeanFactory.doGetBean:251]:Returning cached instance of singleton bean 'autoConfigurationReport'
[2018-03-06 17:02:10][DEBUG][main][org.springframework.beans.factory.support.AbstractBeanFactory.doGetBean:251]:Returning cached instance of singleton bean 'autoConfigurationReport'
[2018-03-06 17:02:10][DEBUG][main][org.springframework.beans.factory.support.AbstractBeanFactory.doGetBean:251]:Returning cached instance of singleton bean 'autoConfigurationReport'
[2018-03-06 17:02:10][DEBUG][main][org.springframework.beans.factory.support.AbstractBeanFactory.doGetBean:251]:Returning cached instance of singleton bean 'autoConfigurationReport'
[2018-03-06 17:02:10][DEBUG][main][org.springframework.beans.factory.support.AbstractBeanFactory.doGetBean:251]:Returning cached instance of singleton bean 'autoConfigurationReport'
[2018-03-06 17:02:10][DEBUG][main][org.springframework.beans.factory.support.AbstractBeanFactory.doGetBean:251]:Returning cached instance of singleton bean 'autoConfigurationReport'
[2018-03-06 17:02:10][DEBUG][main][org.springframework.beans.factory.support.AbstractBeanFactory.doGetBean:251]:Returning cached instance of singleton bean 'autoConfigurationReport'
[2018-03-06 17:02:10][DEBUG][main][org.springframework.beans.factory.support.AbstractBeanFactory.doGetBean:251]:Returning cached instance of singleton bean 'autoConfigurationReport'
[2018-03-06 17:02:10][DEBUG][main][org.springframework.beans.factory.support.AbstractBeanFactory.doGetBean:251]:Returning cached instance of singleton bean 'autoConfigurationReport'
[2018-03-06 17:02:10][DEBUG][main][org.springframework.beans.factory.support.AbstractBeanFactory.doGetBean:251]:Returning cached instance of singleton bean 'autoConfigurationReport'
[2018-03-06 17:02:10][DEBUG][main][org.springframework.beans.factory.support.AbstractBeanFactory.doGetBean:251]:Returning cached instance of singleton bean 'autoConfigurationReport'
[2018-03-06 17:02:10][DEBUG][main][org.springframework.beans.factory.support.AbstractBeanFactory.doGetBean:251]:Returning cached instance of singleton bean 'autoConfigurationReport'
[2018-03-06 17:02:10][DEBUG][main][org.springframework.beans.factory.support.AbstractBeanFactory.doGetBean:251]:Returning cached instance of singleton bean 'autoConfigurationReport'
[2018-03-06 17:02:10][DEBUG][main][org.springframework.beans.factory.support.AbstractBeanFactory.doGetBean:251]:Returning cached instance of singleton bean 'autoConfigurationReport'
[2018-03-06 17:02:10][DEBUG][main][org.springframework.beans.factory.support.AbstractBeanFactory.doGetBean:251]:Returning cached instance of singleton bean 'autoConfigurationReport'
[2018-03-06 17:02:10][DEBUG][main][org.springframework.beans.factory.support.AbstractBeanFactory.doGetBean:251]:Returning cached instance of singleton bean 'autoConfigurationReport'
[2018-03-06 17:02:10][DEBUG][main][org.springframework.beans.factory.support.AbstractBeanFactory.doGetBean:251]:Returning cached instance of singleton bean 'autoConfigurationReport'
[2018-03-06 17:02:10][DEBUG][main][org.springframework.beans.factory.support.AbstractBeanFactory.doGetBean:251]:Returning cached instance of singleton bean 'autoConfigurationReport'
[2018-03-06 17:02:10][DEBUG][main][org.springframework.beans.factory.support.AbstractBeanFactory.doGetBean:251]:Returning cached instance of singleton bean 'autoConfigurationReport'
[2018-03-06 17:02:10][DEBUG][main][org.springframework.beans.factory.support.AbstractBeanFactory.doGetBean:251]:Returning cached instance of singleton bean 'autoConfigurationReport'
[2018-03-06 17:02:10][DEBUG][main][org.springframework.beans.factory.support.AbstractBeanFactory.doGetBean:251]:Returning cached instance of singleton bean 'autoConfigurationReport'
[2018-03-06 17:02:10][DEBUG][main][org.springframework.beans.factory.support.AbstractBeanFactory.doGetBean:251]:Returning cached instance of singleton bean 'autoConfigurationReport'
[2018-03-06 17:02:10][DEBUG][main][org.springframework.beans.factory.support.AbstractBeanFactory.doGetBean:251]:Returning cached instance of singleton bean 'autoConfigurationReport'
[2018-03-06 17:02:10][DEBUG][main][org.springframework.beans.factory.support.AbstractBeanFactory.doGetBean:251]:Returning cached instance of singleton bean 'autoConfigurationReport'
[2018-03-06 17:02:10][DEBUG][main][org.springframework.beans.factory.support.AbstractBeanFactory.doGetBean:251]:Returning cached instance of singleton bean 'autoConfigurationReport'
[2018-03-06 17:02:10][DEBUG][main][org.springframework.beans.factory.support.AbstractBeanFactory.doGetBean:251]:Returning cached instance of singleton bean 'autoConfigurationReport'
[2018-03-06 17:02:10][DEBUG][main][org.springframework.beans.factory.support.AbstractBeanFactory.doGetBean:251]:Returning cached instance of singleton bean 'autoConfigurationReport'
[2018-03-06 17:02:10][DEBUG][background-preinit][org.jboss.logging.LoggerProviders.logProvider:160]:Logging Provider: org.jboss.logging.Slf4jLoggerProvider found via system property
[2018-03-06 17:02:10][INFO ][background-preinit][org.hibernate.validator.internal.util.Version.<clinit>:30]:HV000001: Hibernate Validator 5.3.5.Final
[2018-03-06 17:02:10][DEBUG][main][org.springframework.beans.factory.support.AbstractBeanFactory.doGetBean:251]:Returning cached instance of singleton bean 'autoConfigurationReport'
[2018-03-06 17:02:10][DEBUG][main][org.springframework.beans.factory.support.AbstractBeanFactory.doGetBean:251]:Returning cached instance of singleton bean 'autoConfigurationReport'
[2018-03-06 17:02:10][DEBUG][background-preinit][org.hibernate.validator.internal.engine.resolver.DefaultTraversableResolver.detectJPA:70]:Cannot find javax.persistence.Persistence on classpath. Assuming non JPA 2 environment. All properties will per default be traversable.
[2018-03-06 17:02:10][DEBUG][main][org.springframework.beans.factory.support.AbstractBeanFactory.doGetBean:251]:Returning cached instance of singleton bean 'autoConfigurationReport'
[2018-03-06 17:02:10][DEBUG][main][org.springframework.beans.factory.support.AbstractBeanFactory.doGetBean:251]:Returning cached instance of singleton bean 'autoConfigurationReport'
[2018-03-06 17:02:11][DEBUG][main][org.springframework.beans.factory.support.AbstractBeanFactory.doGetBean:251]:Returning cached instance of singleton bean 'autoConfigurationReport'
[2018-03-06 17:02:11][DEBUG][main][org.springframework.beans.factory.support.AbstractBeanFactory.doGetBean:251]:Returning cached instance of singleton bean 'autoConfigurationReport'
[2018-03-06 17:02:11][DEBUG][main][org.springframework.beans.factory.support.AbstractBeanFactory.doGetBean:251]:Returning cached instance of singleton bean 'autoConfigurationReport'
[2018-03-06 17:02:11][DEBUG][main][org.springframework.beans.factory.support.AbstractBeanFactory.doGetBean:251]:Returning cached instance of singleton bean 'autoConfigurationReport'
[2018-03-06 17:02:11][DEBUG][main][org.springframework.beans.factory.support.AbstractBeanFactory.doGetBean:251]:Returning cached instance of singleton bean 'autoConfigurationReport'
[2018-03-06 17:02:11][DEBUG][main][org.springframework.beans.factory.support.AbstractBeanFactory.doGetBean:251]:Returning cached instance of singleton bean 'autoConfigurationReport'
[2018-03-06 17:02:11][DEBUG][main][org.springframework.beans.factory.support.AbstractBeanFactory.doGetBean:251]:Returning cached instance of singleton bean 'autoConfigurationReport'
[2018-03-06 17:02:11][DEBUG][main][org.springframework.beans.factory.support.AbstractBeanFactory.doGetBean:251]:Returning cached instance of singleton bean 'autoConfigurationReport'
[2018-03-06 17:02:11][DEBUG][main][org.springframework.beans.factory.support.AbstractBeanFactory.doGetBean:251]:Returning cached instance of singleton bean 'autoConfigurationReport'
[2018-03-06 17:02:11][DEBUG][main][org.springframework.beans.factory.support.AbstractBeanFactory.doGetBean:251]:Returning cached instance of singleton bean 'autoConfigurationReport'
[2018-03-06 17:02:11][DEBUG][main][org.springframework.beans.factory.support.AbstractBeanFactory.doGetBean:251]:Returning cached instance of singleton bean 'autoConfigurationReport'
[2018-03-06 17:02:11][DEBUG][main][org.springframework.beans.factory.support.AbstractBeanFactory.doGetBean:251]:Returning cached instance of singleton bean 'autoConfigurationReport'
[2018-03-06 17:02:11][DEBUG][main][org.springframework.beans.factory.support.AbstractBeanFactory.doGetBean:251]:Returning cached instance of singleton bean 'autoConfigurationReport'
[2018-03-06 17:02:11][DEBUG][main][org.springframework.beans.factory.support.AbstractBeanFactory.doGetBean:251]:Returning cached instance of singleton bean 'autoConfigurationReport'
[2018-03-06 17:02:11][DEBUG][main][org.springframework.beans.factory.support.AbstractBeanFactory.doGetBean:251]:Returning cached instance of singleton bean 'autoConfigurationReport'
[2018-03-06 17:02:11][DEBUG][main][org.springframework.beans.factory.support.AbstractBeanFactory.doGetBean:251]:Returning cached instance of singleton bean 'autoConfigurationReport'
[2018-03-06 17:02:11][DEBUG][main][org.springframework.beans.factory.support.AbstractBeanFactory.doGetBean:251]:Returning cached instance of singleton bean 'autoConfigurationReport'
[2018-03-06 17:02:11][DEBUG][main][org.springframework.beans.factory.support.AbstractBeanFactory.doGetBean:251]:Returning cached instance of singleton bean 'autoConfigurationReport'
[2018-03-06 17:02:11][DEBUG][main][org.springframework.beans.factory.support.AbstractBeanFactory.doGetBean:251]:Returning cached instance of singleton bean 'autoConfigurationReport'
[2018-03-06 17:02:11][DEBUG][main][org.springframework.beans.factory.support.AbstractBeanFactory.doGetBean:251]:Returning cached instance of singleton bean 'autoConfigurationReport'
[2018-03-06 17:02:11][DEBUG][main][org.springframework.beans.factory.support.AbstractBeanFactory.doGetBean:251]:Returning cached instance of singleton bean 'autoConfigurationReport'
[2018-03-06 17:02:11][DEBUG][main][org.springframework.beans.factory.support.AbstractBeanFactory.doGetBean:251]:Returning cached instance of singleton bean 'autoConfigurationReport'
[2018-03-06 17:02:11][DEBUG][main][org.springframework.beans.factory.support.AbstractBeanFactory.doGetBean:251]:Returning cached instance of singleton bean 'autoConfigurationReport'
[2018-03-06 17:02:11][DEBUG][main][org.springframework.beans.factory.support.AbstractBeanFactory.doGetBean:251]:Returning cached instance of singleton bean 'autoConfigurationReport'
