[2018-03-06 16:43:01][DEBUG][http-nio-8077-exec-1][org.springframework.web.servlet.HttpServletBean.init:118]:Initializing servlet 'dispatcherServlet'
[2018-03-06 16:43:01][INFO ][http-nio-8077-exec-1][org.apache.juli.logging.DirectJDKLog.log:179]:Initializing Spring FrameworkServlet 'dispatcherServlet'
[2018-03-06 16:43:01][INFO ][http-nio-8077-exec-1][org.springframework.web.servlet.FrameworkServlet.initServletBean:489]:FrameworkServlet 'dispatcherServlet': initialization started
[2018-03-06 16:43:01][DEBUG][http-nio-8077-exec-1][org.springframework.beans.factory.support.AbstractBeanFactory.doGetBean:251]:Returning cached instance of singleton bean 'multipartResolver'
[2018-03-06 16:43:01][DEBUG][http-nio-8077-exec-1][org.springframework.web.servlet.DispatcherServlet.initMultipartResolver:504]:Using MultipartResolver [org.springframework.web.multipart.support.StandardServletMultipartResolver@769d509b]
[2018-03-06 16:43:01][DEBUG][http-nio-8077-exec-1][org.springframework.beans.factory.support.AbstractAutowireCapableBeanFactory.createBean:448]:Creating instance of bean 'org.springframework.web.servlet.i18n.AcceptHeaderLocaleResolver'
[2018-03-06 16:43:01][DEBUG][http-nio-8077-exec-1][org.springframework.beans.factory.support.AbstractAutowireCapableBeanFactory.createBean:484]:Finished creating instance of bean 'org.springframework.web.servlet.i18n.AcceptHeaderLocaleResolver'
[2018-03-06 16:43:01][DEBUG][http-nio-8077-exec-1][org.springframework.web.servlet.DispatcherServlet.initLocaleResolver:533]:Unable to locate LocaleResolver with name 'localeResolver': using default [org.springframework.web.servlet.i18n.AcceptHeaderLocaleResolver@2b67774d]
[2018-03-06 16:43:01][DEBUG][http-nio-8077-exec-1][org.springframework.beans.factory.support.AbstractAutowireCapableBeanFactory.createBean:448]:Creating instance of bean 'org.springframework.web.servlet.theme.FixedThemeResolver'
[2018-03-06 16:43:01][DEBUG][http-nio-8077-exec-1][org.springframework.beans.factory.support.AbstractAutowireCapableBeanFactory.createBean:484]:Finished creating instance of bean 'org.springframework.web.servlet.theme.FixedThemeResolver'
[2018-03-06 16:43:01][DEBUG][http-nio-8077-exec-1][org.springframework.web.servlet.DispatcherServlet.initThemeResolver:555]:Unable to locate ThemeResolver with name 'themeResolver': using default [org.springframework.web.servlet.theme.FixedThemeResolver@2966a6f5]
[2018-03-06 16:43:01][DEBUG][http-nio-8077-exec-1][org.springframework.beans.factory.support.AbstractBeanFactory.doGetBean:251]:Returning cached instance of singleton bean 'requestMappingHandlerMapping'
[2018-03-06 16:43:01][DEBUG][http-nio-8077-exec-1][org.springframework.beans.factory.support.AbstractBeanFactory.doGetBean:251]:Returning cached instance of singleton bean 'viewControllerHandlerMapping'
[2018-03-06 16:43:01][DEBUG][http-nio-8077-exec-1][org.springframework.beans.factory.support.AbstractBeanFactory.doGetBean:251]:Returning cached instance of singleton bean 'beanNameHandlerMapping'
[2018-03-06 16:43:01][DEBUG][http-nio-8077-exec-1][org.springframework.beans.factory.support.AbstractBeanFactory.doGetBean:251]:Returning cached instance of singleton bean 'resourceHandlerMapping'
[2018-03-06 16:43:01][DEBUG][http-nio-8077-exec-1][org.springframework.beans.factory.support.AbstractBeanFactory.doGetBean:251]:Returning cached instance of singleton bean 'defaultServletHandlerMapping'
[2018-03-06 16:43:01][DEBUG][http-nio-8077-exec-1][org.springframework.beans.factory.support.AbstractBeanFactory.doGetBean:251]:Returning cached instance of singleton bean 'faviconHandlerMapping'
[2018-03-06 16:43:01][DEBUG][http-nio-8077-exec-1][org.springframework.beans.factory.support.AbstractBeanFactory.doGetBean:251]:Returning cached instance of singleton bean 'welcomePageHandlerMapping'
[2018-03-06 16:43:01][DEBUG][http-nio-8077-exec-1][org.springframework.beans.factory.support.AbstractBeanFactory.doGetBean:251]:Returning cached instance of singleton bean 'requestMappingHandlerAdapter'
[2018-03-06 16:43:01][DEBUG][http-nio-8077-exec-1][org.springframework.beans.factory.support.AbstractBeanFactory.doGetBean:251]:Returning cached instance of singleton bean 'httpRequestHandlerAdapter'
[2018-03-06 16:43:01][DEBUG][http-nio-8077-exec-1][org.springframework.beans.factory.support.AbstractBeanFactory.doGetBean:251]:Returning cached instance of singleton bean 'simpleControllerHandlerAdapter'
[2018-03-06 16:43:01][DEBUG][http-nio-8077-exec-1][org.springframework.beans.factory.support.AbstractBeanFactory.doGetBean:251]:Returning cached instance of singleton bean 'errorAttributes'
[2018-03-06 16:43:01][DEBUG][http-nio-8077-exec-1][org.springframework.beans.factory.support.AbstractBeanFactory.doGetBean:251]:Returning cached instance of singleton bean 'handlerExceptionResolver'
[2018-03-06 16:43:01][DEBUG][http-nio-8077-exec-1][org.springframework.beans.factory.support.AbstractAutowireCapableBeanFactory.createBean:448]:Creating instance of bean 'org.springframework.web.servlet.view.DefaultRequestToViewNameTranslator'
[2018-03-06 16:43:01][DEBUG][http-nio-8077-exec-1][org.springframework.beans.factory.support.AbstractAutowireCapableBeanFactory.createBean:484]:Finished creating instance of bean 'org.springframework.web.servlet.view.DefaultRequestToViewNameTranslator'
[2018-03-06 16:43:01][DEBUG][http-nio-8077-exec-1][org.springframework.web.servlet.DispatcherServlet.initRequestToViewNameTranslator:692]:Unable to locate RequestToViewNameTranslator with name 'viewNameTranslator': using default [org.springframework.web.servlet.view.DefaultRequestToViewNameTranslator@1f2e70e2]
[2018-03-06 16:43:01][DEBUG][http-nio-8077-exec-1][org.springframework.beans.factory.support.AbstractBeanFactory.doGetBean:251]:Returning cached instance of singleton bean 'beanNameViewResolver'
[2018-03-06 16:43:01][DEBUG][http-nio-8077-exec-1][org.springframework.beans.factory.support.AbstractBeanFactory.doGetBean:251]:Returning cached instance of singleton bean 'mvcViewResolver'
[2018-03-06 16:43:01][DEBUG][http-nio-8077-exec-1][org.springframework.beans.factory.support.AbstractBeanFactory.doGetBean:251]:Returning cached instance of singleton bean 'defaultViewResolver'
[2018-03-06 16:43:01][DEBUG][http-nio-8077-exec-1][org.springframework.beans.factory.support.AbstractBeanFactory.doGetBean:251]:Returning cached instance of singleton bean 'viewResolver'
[2018-03-06 16:43:01][DEBUG][http-nio-8077-exec-1][org.springframework.beans.factory.support.AbstractAutowireCapableBeanFactory.createBean:448]:Creating instance of bean 'org.springframework.web.servlet.support.SessionFlashMapManager'
[2018-03-06 16:43:01][DEBUG][http-nio-8077-exec-1][org.springframework.beans.factory.support.AbstractAutowireCapableBeanFactory.createBean:484]:Finished creating instance of bean 'org.springframework.web.servlet.support.SessionFlashMapManager'
[2018-03-06 16:43:01][DEBUG][http-nio-8077-exec-1][org.springframework.web.servlet.DispatcherServlet.initFlashMapManager:753]:Unable to locate FlashMapManager with name 'flashMapManager': using default [org.springframework.web.servlet.support.SessionFlashMapManager@2ce0692f]
[2018-03-06 16:43:01][DEBUG][http-nio-8077-exec-1][org.springframework.web.servlet.FrameworkServlet.initWebApplicationContext:568]:Published WebApplicationContext of servlet 'dispatcherServlet' as ServletContext attribute with name [org.springframework.web.servlet.FrameworkServlet.CONTEXT.dispatcherServlet]
[2018-03-06 16:43:01][INFO ][http-nio-8077-exec-1][org.springframework.web.servlet.FrameworkServlet.initServletBean:508]:FrameworkServlet 'dispatcherServlet': initialization completed in 42 ms
[2018-03-06 16:43:01][DEBUG][http-nio-8077-exec-1][org.springframework.web.servlet.HttpServletBean.init:139]:Servlet 'dispatcherServlet' configured successfully
[2018-03-06 16:43:01][DEBUG][http-nio-8077-exec-1][org.springframework.web.filter.RequestContextFilter.initContextHolders:114]:Bound request context to thread: org.apache.catalina.connector.RequestFacade@b186271
[2018-03-06 16:43:01][DEBUG][http-nio-8077-exec-1][org.springframework.web.servlet.DispatcherServlet.doService:865]:DispatcherServlet with name 'dispatcherServlet' processing GET request for [/]
[2018-03-06 16:43:01][DEBUG][http-nio-8077-exec-1][org.springframework.web.servlet.handler.AbstractHandlerMethodMapping.getHandlerInternal:310]:Looking up handler method for path /
[2018-03-06 16:43:01][DEBUG][http-nio-8077-exec-1][org.springframework.web.servlet.handler.AbstractHandlerMethodMapping.getHandlerInternal:317]:Returning handler method [public java.lang.String com.test.springboot.controller.TestRestController.testHome(javax.servlet.http.HttpServletRequest,javax.servlet.http.HttpServletResponse)]
[2018-03-06 16:43:01][DEBUG][http-nio-8077-exec-1][org.springframework.beans.factory.support.AbstractBeanFactory.doGetBean:251]:Returning cached instance of singleton bean 'testRestController'
[2018-03-06 16:43:01][DEBUG][http-nio-8077-exec-1][org.springframework.web.servlet.DispatcherServlet.doDispatch:951]:Last-Modified value for [/] is: -1
[2018-03-06 16:43:01][DEBUG][pool-1-thread-5][org.apache.http.client.protocol.RequestAddCookies.process:123]:CookieSpec selected: default
[2018-03-06 16:43:01][DEBUG][pool-1-thread-5][org.apache.http.client.protocol.RequestAuthCache.process:77]:Auth cache not set in the context
[2018-03-06 16:43:01][DEBUG][pool-1-thread-5][org.apache.http.impl.conn.PoolingHttpClientConnectionManager.requestConnection:255]:Connection request: [route: {}->http://120.76.98.17:7777][total kept alive: 0; route allocated: 0 of 2; total allocated: 0 of 20]
[2018-03-06 16:43:01][DEBUG][pool-1-thread-5][org.apache.http.impl.conn.PoolingHttpClientConnectionManager.leaseConnection:288]:Connection leased: [id: 1][route: {}->http://120.76.98.17:7777][total kept alive: 0; route allocated: 1 of 2; total allocated: 1 of 20]
[2018-03-06 16:43:01][DEBUG][pool-1-thread-5][org.apache.http.impl.execchain.MainClientExec.execute:235]:Opening connection {}->http://120.76.98.17:7777
[2018-03-06 16:43:01][DEBUG][pool-1-thread-5][org.apache.http.impl.conn.DefaultHttpClientConnectionOperator.connect:139]:Connecting to /120.76.98.17:7777
[2018-03-06 16:43:01][DEBUG][http-nio-8077-exec-1][org.springframework.web.servlet.mvc.method.annotation.AbstractMessageConverterMethodProcessor.writeWithMessageConverters:250]:Written [Hello World!!] as "text/html" using [org.springframework.http.converter.StringHttpMessageConverter@5cb4adad]
[2018-03-06 16:43:01][DEBUG][http-nio-8077-exec-1][org.springframework.web.servlet.DispatcherServlet.processDispatchResult:1044]:Null ModelAndView returned to DispatcherServlet with name 'dispatcherServlet': assuming HandlerAdapter completed request handling
[2018-03-06 16:43:01][DEBUG][http-nio-8077-exec-1][org.springframework.web.servlet.FrameworkServlet.processRequest:1000]:Successfully completed request
[2018-03-06 16:43:01][DEBUG][http-nio-8077-exec-1][org.springframework.web.filter.RequestContextFilter.doFilterInternal:104]:Cleared thread-bound request context: org.apache.catalina.connector.RequestFacade@b186271
[2018-03-06 16:43:01][DEBUG][pool-1-thread-5][org.apache.http.impl.conn.DefaultHttpClientConnectionOperator.connect:146]:Connection established 192.168.1.31:60781<->120.76.98.17:7777
[2018-03-06 16:43:01][DEBUG][pool-1-thread-5][org.apache.http.impl.conn.LoggingManagedHttpClientConnection.setSocketTimeout:88]:http-outgoing-1: set socket timeout to 10000
[2018-03-06 16:43:01][DEBUG][pool-1-thread-5][org.apache.http.impl.execchain.MainClientExec.execute:256]:Executing request POST /yunyi_log/test HTTP/1.1
[2018-03-06 16:43:01][DEBUG][pool-1-thread-5][org.apache.http.impl.execchain.MainClientExec.execute:261]:Target auth state: UNCHALLENGED
[2018-03-06 16:43:01][DEBUG][pool-1-thread-5][org.apache.http.impl.execchain.MainClientExec.execute:267]:Proxy auth state: UNCHALLENGED
[2018-03-06 16:43:01][DEBUG][pool-1-thread-5][org.apache.http.impl.conn.LoggingManagedHttpClientConnection.onRequestSubmitted:133]:http-outgoing-1 >> POST /yunyi_log/test HTTP/1.1
[2018-03-06 16:43:01][DEBUG][pool-1-thread-5][org.apache.http.impl.conn.LoggingManagedHttpClientConnection.onRequestSubmitted:136]:http-outgoing-1 >> Content-Type: text/plain
[2018-03-06 16:43:01][DEBUG][pool-1-thread-5][org.apache.http.impl.conn.LoggingManagedHttpClientConnection.onRequestSubmitted:136]:http-outgoing-1 >> Content-Encoding: gzip
[2018-03-06 16:43:01][DEBUG][pool-1-thread-5][org.apache.http.impl.conn.LoggingManagedHttpClientConnection.onRequestSubmitted:136]:http-outgoing-1 >> Content-Length: 356
[2018-03-06 16:43:01][DEBUG][pool-1-thread-5][org.apache.http.impl.conn.LoggingManagedHttpClientConnection.onRequestSubmitted:136]:http-outgoing-1 >> Host: 120.76.98.17:7777
[2018-03-06 16:43:01][DEBUG][pool-1-thread-5][org.apache.http.impl.conn.LoggingManagedHttpClientConnection.onRequestSubmitted:136]:http-outgoing-1 >> Connection: Keep-Alive
[2018-03-06 16:43:01][DEBUG][pool-1-thread-5][org.apache.http.impl.conn.LoggingManagedHttpClientConnection.onRequestSubmitted:136]:http-outgoing-1 >> User-Agent: Apache-HttpClient/4.5.3 (Java/1.7.0_79)
[2018-03-06 16:43:01][DEBUG][pool-1-thread-5][org.apache.http.impl.conn.LoggingManagedHttpClientConnection.onRequestSubmitted:136]:http-outgoing-1 >> Accept-Encoding: gzip,deflate
[2018-03-06 16:43:01][DEBUG][pool-1-thread-5][org.apache.http.impl.conn.Wire.wire:73]:http-outgoing-1 >> "POST /yunyi_log/test HTTP/1.1[\r][\n]"
[2018-03-06 16:43:01][DEBUG][pool-1-thread-5][org.apache.http.impl.conn.Wire.wire:73]:http-outgoing-1 >> "Content-Type: text/plain[\r][\n]"
[2018-03-06 16:43:01][DEBUG][pool-1-thread-5][org.apache.http.impl.conn.Wire.wire:73]:http-outgoing-1 >> "Content-Encoding: gzip[\r][\n]"
[2018-03-06 16:43:01][DEBUG][pool-1-thread-5][org.apache.http.impl.conn.Wire.wire:73]:http-outgoing-1 >> "Content-Length: 356[\r][\n]"
[2018-03-06 16:43:01][DEBUG][pool-1-thread-5][org.apache.http.impl.conn.Wire.wire:73]:http-outgoing-1 >> "Host: 120.76.98.17:7777[\r][\n]"
[2018-03-06 16:43:01][DEBUG][pool-1-thread-5][org.apache.http.impl.conn.Wire.wire:73]:http-outgoing-1 >> "Connection: Keep-Alive[\r][\n]"
[2018-03-06 16:43:01][DEBUG][pool-1-thread-5][org.apache.http.impl.conn.Wire.wire:73]:http-outgoing-1 >> "User-Agent: Apache-HttpClient/4.5.3 (Java/1.7.0_79)[\r][\n]"
[2018-03-06 16:43:01][DEBUG][pool-1-thread-5][org.apache.http.impl.conn.Wire.wire:73]:http-outgoing-1 >> "Accept-Encoding: gzip,deflate[\r][\n]"
[2018-03-06 16:43:01][DEBUG][pool-1-thread-5][org.apache.http.impl.conn.Wire.wire:73]:http-outgoing-1 >> "[\r][\n]"
[2018-03-06 16:43:01][DEBUG][pool-1-thread-5][org.apache.http.impl.conn.Wire.wire:73]:http-outgoing-1 >> "[0x1f][0x8b][0x8][0x0][0x0][0x0][0x0][0x0][0x0][0x0]EQQK[0xc3]0[0x10]~[0xf7]W[0x94]>[0xca][0x92][0xa6][0xdd][0xdc][0xba][0x8a] [0x88]:}P[0x91]>[0xc9][0xa0][0xc4][0xf4][0xb6]F[0xdb]$&[0xb7]N[0x11][0xff][0xbb][0x17][0x99][0x1a]8[0xb8][0xfb][0xbe][0xfb][0xee][0xee]#[0x9f][0xa9]t[0xce][0xc8][0x1][0xd2]*[0xdd]xk[0xb0][0xa1]:[0x9d][0xa4][0xad]U[0xcd][0x8]>hk[0x88][0xc9][0x9][0xd1][0xae][0x91]m[0xeb]![0x84][0x8],[0xb][0x9e][0xcf]K[0x9e][0xf3]i[0xe4][0xb0][0xf3] [[0xc2][0x7][0xa9][\r][0xeb][0x10][0x1d]3[0xda][0xb2]R,[0x16][0xc][0xde]A[0xb1][0x9c][0x15][0xb1]O[0xf5][0xf2]G[0xae][0xec][0xc0][0x11][0x2][0xf2][0xe0][0xbc]6[0xdb]gk[0x91]+Z[0xee]m[0xdf][0x83][0xe7]5Q[0x8f][0x14][0x17][0x10]i[0x7][0xc0][0xce][0xc6][0x1d]Q[0xb8][0xb2]t[0xf1]$[0xed][0xb5][0xa1][0xc3][0xe7][0x82]2[0x18][0xa1]'[0xf2][0xe6][0xee][0xea]>=[0x94][0xcd]([0x9]*[0x4][0xbd]([0xf]An[0xa3][0xcd][0xeb][0xcb]:[0xc9][0x92]U]?d9[0xcf][0xd7]~m[0xe2]j0[0xc8][0xf0][0xc3]A[0x85][0xf0][0x8e]Y[0x87]C[0xaa]:[0xe9][0x3]`[0xb5][0xc3][\r]+c[0xdf].[0x80]g4[0xc4]`u+GI[0xf2][0x5][0x17][0xcd]b[0x19][0xb9][0xce][0x6][0xac][0xf6][0xfb]=[0x96][0xba][0xdd][0x91][0x9b]![0xa2]R)p[0xf8]?s[0x92][0xe8][0x81][0x6]d[[0xbd][0xf9]M_[0x1c]l'[0xc9][0xf1]i[0xf2]v[0xc6][0xb]J[0xb2]Cz8[0xcc][0x80]B[0xfa][0x84][0xea][0x15][0xc0]1[0xd9][0xeb][0x11]"[0x11][0x83]l[0x9e][0xa3]&_([0x7]G[0xbe][\n]"
[2018-03-06 16:43:01][DEBUG][pool-1-thread-5][org.apache.http.impl.conn.Wire.wire:87]:http-outgoing-1 >> "[0x91][0x97]LL[0x99][0x98][0xd7][0xa2][0xac]f[0xd3]J[0xe4][0xfc]d[0xb6]|J[0xbf][0x8e][0xbe][0x1]t[0xc9][0xf0][0xfc][0xe6][0x1][0x0][0x0]"
[2018-03-06 16:43:01][DEBUG][pool-1-thread-5][org.apache.http.impl.conn.Wire.wire:73]:http-outgoing-1 << "HTTP/1.1 200 [\r][\n]"
[2018-03-06 16:43:01][DEBUG][pool-1-thread-5][org.apache.http.impl.conn.Wire.wire:73]:http-outgoing-1 << "Content-Type: text/plain;charset=UTF-8[\r][\n]"
[2018-03-06 16:43:01][DEBUG][pool-1-thread-5][org.apache.http.impl.conn.Wire.wire:73]:http-outgoing-1 << "Content-Length: 2[\r][\n]"
[2018-03-06 16:43:01][DEBUG][pool-1-thread-5][org.apache.http.impl.conn.Wire.wire:73]:http-outgoing-1 << "Date: Tue, 06 Mar 2018 08:42:46 GMT[\r][\n]"
[2018-03-06 16:43:01][DEBUG][pool-1-thread-5][org.apache.http.impl.conn.Wire.wire:73]:http-outgoing-1 << "[\r][\n]"
[2018-03-06 16:43:01][DEBUG][pool-1-thread-5][org.apache.http.impl.conn.Wire.wire:87]:http-outgoing-1 << "ok"
[2018-03-06 16:43:01][DEBUG][pool-1-thread-5][org.apache.http.impl.conn.LoggingManagedHttpClientConnection.onResponseReceived:122]:http-outgoing-1 << HTTP/1.1 200 
[2018-03-06 16:43:01][DEBUG][pool-1-thread-5][org.apache.http.impl.conn.LoggingManagedHttpClientConnection.onResponseReceived:125]:http-outgoing-1 << Content-Type: text/plain;charset=UTF-8
[2018-03-06 16:43:01][DEBUG][pool-1-thread-5][org.apache.http.impl.conn.LoggingManagedHttpClientConnection.onResponseReceived:125]:http-outgoing-1 << Content-Length: 2
[2018-03-06 16:43:01][DEBUG][pool-1-thread-5][org.apache.http.impl.conn.LoggingManagedHttpClientConnection.onResponseReceived:125]:http-outgoing-1 << Date: Tue, 06 Mar 2018 08:42:46 GMT
[2018-03-06 16:43:01][DEBUG][pool-1-thread-5][org.apache.http.impl.execchain.MainClientExec.execute:285]:Connection can be kept alive indefinitely
[2018-03-06 16:43:01][DEBUG][pool-1-thread-5][org.apache.http.impl.conn.PoolingHttpClientConnectionManager.releaseConnection:320]:Connection [id: 1][route: {}->http://120.76.98.17:7777] can be kept alive indefinitely
[2018-03-06 16:43:01][DEBUG][pool-1-thread-5][org.apache.http.impl.conn.PoolingHttpClientConnectionManager.releaseConnection:326]:Connection released: [id: 1][route: {}->http://120.76.98.17:7777][total kept alive: 1; route allocated: 1 of 2; total allocated: 1 of 20]
[2018-03-06 16:43:01][DEBUG][pool-1-thread-5][org.slf4j.helpers.SubstituteLogger.debug:121]:synSend status:200, response msg:ok
[2018-03-06 16:43:01][DEBUG][pool-1-thread-5][org.slf4j.helpers.SubstituteLogger.debug:121]:权值请求数:[2, 1],平均权值:[480, 495],当次权值比:[495, 480],新的权值比:[510, 490]
[2018-03-06 16:43:01][DEBUG][pool-1-thread-5][org.slf4j.helpers.SubstituteLogger.debug:121]:succes failQueue.size:0
[2018-03-06 16:43:01][DEBUG][http-nio-8077-exec-2][org.springframework.web.filter.RequestContextFilter.initContextHolders:114]:Bound request context to thread: org.apache.catalina.connector.RequestFacade@b186271
[2018-03-06 16:43:01][DEBUG][http-nio-8077-exec-2][org.springframework.web.servlet.DispatcherServlet.doService:865]:DispatcherServlet with name 'dispatcherServlet' processing GET request for [/favicon.ico]
[2018-03-06 16:43:01][DEBUG][http-nio-8077-exec-2][org.springframework.web.servlet.handler.AbstractUrlHandlerMapping.lookupHandler:190]:Matching patterns for request [/favicon.ico] are [/**/favicon.ico]
[2018-03-06 16:43:01][DEBUG][http-nio-8077-exec-2][org.springframework.web.servlet.handler.AbstractUrlHandlerMapping.lookupHandler:219]:URI Template variables for request [/favicon.ico] are {}
[2018-03-06 16:43:01][DEBUG][http-nio-8077-exec-2][org.springframework.web.servlet.handler.AbstractUrlHandlerMapping.getHandlerInternal:140]:Mapping [/favicon.ico] to HandlerExecutionChain with handler [ResourceHttpRequestHandler [locations=[ServletContext resource [/], class path resource [META-INF/resources/], class path resource [resources/], class path resource [static/], class path resource [public/], class path resource []], resolvers=[org.springframework.web.servlet.resource.PathResourceResolver@6ec3d546]]] and 1 interceptor
[2018-03-06 16:43:01][DEBUG][http-nio-8077-exec-2][org.springframework.web.servlet.DispatcherServlet.doDispatch:951]:Last-Modified value for [/favicon.ico] is: -1
[2018-03-06 16:43:01][DEBUG][http-nio-8077-exec-2][org.springframework.web.servlet.DispatcherServlet.processDispatchResult:1044]:Null ModelAndView returned to DispatcherServlet with name 'dispatcherServlet': assuming HandlerAdapter completed request handling
[2018-03-06 16:43:01][DEBUG][http-nio-8077-exec-2][org.springframework.web.servlet.FrameworkServlet.processRequest:1000]:Successfully completed request
[2018-03-06 16:43:01][DEBUG][http-nio-8077-exec-2][org.springframework.web.filter.RequestContextFilter.doFilterInternal:104]:Cleared thread-bound request context: org.apache.catalina.connector.RequestFacade@b186271
