[2018-03-06 09:15:06][INFO ][main][sun.reflect.NativeMethodAccessorImpl.invoke0:-2]:CollectSendRunner created
[2018-03-06 09:15:07][INFO ][main][org.springframework.boot.StartupInfoLogger.logStarting:48]:Starting TestSpringBoot on USER-20160201BI with PID 9532 (E:\work\xcs\xcs-demo\target\classes started by Administrator in E:\work\xcs\xcs-demo)
[2018-03-06 09:15:07][INFO ][main][org.springframework.boot.SpringApplication.logStartupProfileInfo:597]:The following profiles are active: default
[2018-03-06 09:15:07][INFO ][main][org.springframework.context.support.AbstractApplicationContext.prepareRefresh:581]:Refreshing org.springframework.boot.context.embedded.AnnotationConfigEmbeddedWebApplicationContext@75e04ee8: startup date [Tue Mar 06 09:15:07 CST 2018]; root of context hierarchy
[2018-03-06 09:15:07][INFO ][background-preinit][org.hibernate.validator.internal.util.Version.<clinit>:30]:HV000001: Hibernate Validator 5.3.5.Final
[2018-03-06 09:15:08][INFO ][pool-1-thread-4][org.slf4j.helpers.SubstituteLogger.info:169]:synSend status:200, response msg:ok
[2018-03-06 09:15:08][INFO ][pool-1-thread-4][org.slf4j.helpers.SubstituteLogger.info:169]:succes failQueue.size:0
[2018-03-06 09:15:08][INFO ][pool-1-thread-2][org.slf4j.helpers.SubstituteLogger.info:169]:synSend status:200, response msg:ok
[2018-03-06 09:15:08][INFO ][pool-1-thread-2][org.slf4j.helpers.SubstituteLogger.info:169]:succes failQueue.size:0
[2018-03-06 09:15:08][INFO ][pool-1-thread-5][org.slf4j.helpers.SubstituteLogger.info:169]:synSend status:200, response msg:ok
[2018-03-06 09:15:08][INFO ][pool-1-thread-5][org.slf4j.helpers.SubstituteLogger.info:169]:succes failQueue.size:0
[2018-03-06 09:15:08][INFO ][pool-1-thread-3][org.slf4j.helpers.SubstituteLogger.info:169]:synSend status:200, response msg:ok
[2018-03-06 09:15:08][INFO ][pool-1-thread-3][org.slf4j.helpers.SubstituteLogger.info:169]:succes failQueue.size:0
[2018-03-06 09:15:09][INFO ][main][org.springframework.boot.context.embedded.tomcat.TomcatEmbeddedServletContainer.initialize:89]:Tomcat initialized with port(s): 8077 (http)
[2018-03-06 09:15:09][INFO ][main][org.apache.juli.logging.DirectJDKLog.log:179]:Starting service [Tomcat]
[2018-03-06 09:15:09][INFO ][main][org.apache.juli.logging.DirectJDKLog.log:179]:Starting Servlet Engine: Apache Tomcat/8.5.16
[2018-03-06 09:15:09][INFO ][pool-1-thread-6][org.slf4j.helpers.SubstituteLogger.info:169]:synSend status:200, response msg:ok
[2018-03-06 09:15:09][INFO ][pool-1-thread-6][org.slf4j.helpers.SubstituteLogger.info:169]:succes failQueue.size:0
[2018-03-06 09:15:09][INFO ][pool-1-thread-7][org.slf4j.helpers.SubstituteLogger.info:169]:synSend status:200, response msg:ok
[2018-03-06 09:15:09][INFO ][pool-1-thread-7][org.slf4j.helpers.SubstituteLogger.info:169]:succes failQueue.size:0
[2018-03-06 09:15:09][INFO ][localhost-startStop-1][org.apache.juli.logging.DirectJDKLog.log:179]:Initializing Spring embedded WebApplicationContext
[2018-03-06 09:15:09][INFO ][localhost-startStop-1][org.springframework.boot.context.embedded.EmbeddedWebApplicationContext.prepareEmbeddedWebApplicationContext:276]:Root WebApplicationContext: initialization completed in 1677 ms
[2018-03-06 09:15:09][INFO ][pool-1-thread-8][org.slf4j.helpers.SubstituteLogger.info:169]:synSend status:200, response msg:ok
[2018-03-06 09:15:09][INFO ][pool-1-thread-8][org.slf4j.helpers.SubstituteLogger.info:169]:succes failQueue.size:0
[2018-03-06 09:15:09][INFO ][localhost-startStop-1][org.springframework.boot.web.servlet.ServletRegistrationBean.onStartup:190]:Mapping servlet: 'dispatcherServlet' to [/]
[2018-03-06 09:15:09][INFO ][localhost-startStop-1][org.springframework.boot.web.servlet.AbstractFilterRegistrationBean.configure:258]:Mapping filter: 'characterEncodingFilter' to: [/*]
[2018-03-06 09:15:09][INFO ][localhost-startStop-1][org.springframework.boot.web.servlet.AbstractFilterRegistrationBean.configure:258]:Mapping filter: 'hiddenHttpMethodFilter' to: [/*]
[2018-03-06 09:15:09][INFO ][localhost-startStop-1][org.springframework.boot.web.servlet.AbstractFilterRegistrationBean.configure:258]:Mapping filter: 'httpPutFormContentFilter' to: [/*]
[2018-03-06 09:15:09][INFO ][localhost-startStop-1][org.springframework.boot.web.servlet.AbstractFilterRegistrationBean.configure:258]:Mapping filter: 'requestContextFilter' to: [/*]
[2018-03-06 09:15:09][INFO ][pool-1-thread-4][org.slf4j.helpers.SubstituteLogger.info:169]:synSend status:200, response msg:ok
[2018-03-06 09:15:09][INFO ][pool-1-thread-4][org.slf4j.helpers.SubstituteLogger.info:169]:succes failQueue.size:0
[2018-03-06 09:15:09][INFO ][pool-1-thread-2][org.slf4j.helpers.SubstituteLogger.info:169]:synSend status:200, response msg:ok
[2018-03-06 09:15:09][INFO ][pool-1-thread-2][org.slf4j.helpers.SubstituteLogger.info:169]:succes failQueue.size:0
[2018-03-06 09:15:09][INFO ][pool-1-thread-5][org.slf4j.helpers.SubstituteLogger.info:169]:synSend status:200, response msg:ok
[2018-03-06 09:15:09][INFO ][pool-1-thread-5][org.slf4j.helpers.SubstituteLogger.info:169]:succes failQueue.size:0
[2018-03-06 09:15:09][INFO ][pool-1-thread-3][org.slf4j.helpers.SubstituteLogger.info:169]:synSend status:200, response msg:ok
[2018-03-06 09:15:09][INFO ][pool-1-thread-3][org.slf4j.helpers.SubstituteLogger.info:169]:succes failQueue.size:0
[2018-03-06 09:15:09][INFO ][main][org.springframework.web.servlet.mvc.method.annotation.RequestMappingHandlerAdapter.initControllerAdviceCache:534]:Looking for @ControllerAdvice: org.springframework.boot.context.embedded.AnnotationConfigEmbeddedWebApplicationContext@75e04ee8: startup date [Tue Mar 06 09:15:07 CST 2018]; root of context hierarchy
[2018-03-06 09:15:09][INFO ][pool-1-thread-6][org.slf4j.helpers.SubstituteLogger.info:169]:synSend status:200, response msg:ok
[2018-03-06 09:15:09][INFO ][pool-1-thread-6][org.slf4j.helpers.SubstituteLogger.info:169]:succes failQueue.size:0
[2018-03-06 09:15:09][INFO ][main][org.springframework.web.servlet.handler.AbstractHandlerMethodMapping$MappingRegistry.register:543]:Mapped "{[/testclsloader]}" onto public java.lang.String com.test.springboot.controller.TestClassLoaderController.testApi(javax.servlet.http.HttpServletRequest,javax.servlet.http.HttpServletResponse)
[2018-03-06 09:15:09][INFO ][main][org.springframework.web.servlet.handler.AbstractHandlerMethodMapping$MappingRegistry.register:543]:Mapped "{[/**]}" onto public java.lang.String com.test.springboot.controller.TestRestController.testHome(javax.servlet.http.HttpServletRequest,javax.servlet.http.HttpServletResponse)
[2018-03-06 09:15:10][INFO ][main][org.springframework.web.servlet.handler.AbstractHandlerMethodMapping$MappingRegistry.register:543]:Mapped "{[/error]}" onto public org.springframework.http.ResponseEntity<java.util.Map<java.lang.String, java.lang.Object>> org.springframework.boot.autoconfigure.web.BasicErrorController.error(javax.servlet.http.HttpServletRequest)
[2018-03-06 09:15:10][INFO ][main][org.springframework.web.servlet.handler.AbstractHandlerMethodMapping$MappingRegistry.register:543]:Mapped "{[/error],produces=[text/html]}" onto public org.springframework.web.servlet.ModelAndView org.springframework.boot.autoconfigure.web.BasicErrorController.errorHtml(javax.servlet.http.HttpServletRequest,javax.servlet.http.HttpServletResponse)
[2018-03-06 09:15:10][INFO ][pool-1-thread-8][org.slf4j.helpers.SubstituteLogger.info:169]:synSend status:200, response msg:ok
[2018-03-06 09:15:10][INFO ][pool-1-thread-8][org.slf4j.helpers.SubstituteLogger.info:169]:succes failQueue.size:0
[2018-03-06 09:15:10][INFO ][pool-1-thread-4][org.slf4j.helpers.SubstituteLogger.info:169]:synSend status:200, response msg:ok
[2018-03-06 09:15:10][INFO ][pool-1-thread-4][org.slf4j.helpers.SubstituteLogger.info:169]:succes failQueue.size:0
[2018-03-06 09:15:10][INFO ][pool-1-thread-7][org.slf4j.helpers.SubstituteLogger.info:169]:synSend status:200, response msg:ok
[2018-03-06 09:15:10][INFO ][pool-1-thread-7][org.slf4j.helpers.SubstituteLogger.info:169]:succes failQueue.size:0
[2018-03-06 09:15:10][INFO ][pool-1-thread-2][org.slf4j.helpers.SubstituteLogger.info:169]:synSend status:200, response msg:ok
[2018-03-06 09:15:10][INFO ][pool-1-thread-2][org.slf4j.helpers.SubstituteLogger.info:169]:succes failQueue.size:0
[2018-03-06 09:15:10][INFO ][main][org.springframework.web.servlet.handler.AbstractUrlHandlerMapping.registerHandler:354]:Mapped URL path [/webjars/**] onto handler of type [class org.springframework.web.servlet.resource.ResourceHttpRequestHandler]
[2018-03-06 09:15:10][INFO ][main][org.springframework.web.servlet.handler.AbstractUrlHandlerMapping.registerHandler:354]:Mapped URL path [/**] onto handler of type [class org.springframework.web.servlet.resource.ResourceHttpRequestHandler]
[2018-03-06 09:15:10][INFO ][pool-1-thread-5][org.slf4j.helpers.SubstituteLogger.info:169]:synSend status:200, response msg:ok
[2018-03-06 09:15:10][INFO ][pool-1-thread-5][org.slf4j.helpers.SubstituteLogger.info:169]:succes failQueue.size:0
[2018-03-06 09:15:10][INFO ][main][org.springframework.web.servlet.handler.AbstractUrlHandlerMapping.registerHandler:354]:Mapped URL path [/**/favicon.ico] onto handler of type [class org.springframework.web.servlet.resource.ResourceHttpRequestHandler]
[2018-03-06 09:15:10][INFO ][pool-1-thread-3][org.slf4j.helpers.SubstituteLogger.info:169]:synSend status:200, response msg:ok
[2018-03-06 09:15:10][INFO ][pool-1-thread-3][org.slf4j.helpers.SubstituteLogger.info:169]:succes failQueue.size:0
[2018-03-06 09:15:10][INFO ][main][org.springframework.jmx.export.MBeanExporter.afterSingletonsInstantiated:431]:Registering beans for JMX exposure on startup
[2018-03-06 09:15:10][INFO ][main][org.springframework.context.support.DefaultLifecycleProcessor$LifecycleGroup.start:341]:Starting beans in phase 2147483647
[2018-03-06 09:15:10][INFO ][main][org.apache.juli.logging.DirectJDKLog.log:179]:Initializing ProtocolHandler ["http-nio-8077"]
[2018-03-06 09:15:10][INFO ][pool-1-thread-6][org.slf4j.helpers.SubstituteLogger.info:169]:synSend status:200, response msg:ok
[2018-03-06 09:15:10][INFO ][pool-1-thread-6][org.slf4j.helpers.SubstituteLogger.info:169]:succes failQueue.size:0
[2018-03-06 09:15:10][INFO ][main][org.apache.juli.logging.DirectJDKLog.log:179]:Starting ProtocolHandler ["http-nio-8077"]
[2018-03-06 09:15:10][INFO ][pool-1-thread-8][org.slf4j.helpers.SubstituteLogger.info:169]:synSend status:200, response msg:ok
[2018-03-06 09:15:10][INFO ][pool-1-thread-8][org.slf4j.helpers.SubstituteLogger.info:169]:succes failQueue.size:0
[2018-03-06 09:15:10][ERROR][main][org.apache.juli.logging.DirectJDKLog.log:181]:Failed to start end point associated with ProtocolHandler ["http-nio-8077"]
java.net.BindException: Address already in use: bind
	at sun.nio.ch.Net.bind0(Native Method)
	at sun.nio.ch.Net.bind(Net.java:444)
	at sun.nio.ch.Net.bind(Net.java:436)
	at sun.nio.ch.ServerSocketChannelImpl.bind(ServerSocketChannelImpl.java:214)
	at sun.nio.ch.ServerSocketAdaptor.bind(ServerSocketAdaptor.java:74)
	at org.apache.tomcat.util.net.NioEndpoint.bind(NioEndpoint.java:210)
	at org.apache.tomcat.util.net.AbstractEndpoint.start(AbstractEndpoint.java:990)
	at org.apache.coyote.AbstractProtocol.start(AbstractProtocol.java:635)
	at org.apache.catalina.connector.Connector.startInternal(Connector.java:1022)
	at org.apache.catalina.util.LifecycleBase.start(LifecycleBase.java:150)
	at org.apache.catalina.core.StandardService.addConnector(StandardService.java:225)
	at org.springframework.boot.context.embedded.tomcat.TomcatEmbeddedServletContainer.addPreviouslyRemovedConnectors(TomcatEmbeddedServletContainer.java:250)
	at org.springframework.boot.context.embedded.tomcat.TomcatEmbeddedServletContainer.start(TomcatEmbeddedServletContainer.java:193)
	at org.springframework.boot.context.embedded.EmbeddedWebApplicationContext.startEmbeddedServletContainer(EmbeddedWebApplicationContext.java:297)
	at org.springframework.boot.context.embedded.EmbeddedWebApplicationContext.finishRefresh(EmbeddedWebApplicationContext.java:145)
	at org.springframework.context.support.AbstractApplicationContext.refresh(AbstractApplicationContext.java:544)
	at org.springframework.boot.context.embedded.EmbeddedWebApplicationContext.refresh(EmbeddedWebApplicationContext.java:122)
	at org.springframework.boot.SpringApplication.refresh(SpringApplication.java:693)
	at org.springframework.boot.SpringApplication.refreshContext(SpringApplication.java:360)
	at org.springframework.boot.SpringApplication.run(SpringApplication.java:303)
	at com.test.springboot.TestSpringBoot.main(TestSpringBoot.java:11)
[2018-03-06 09:15:10][INFO ][pool-1-thread-4][org.slf4j.helpers.SubstituteLogger.info:169]:synSend status:200, response msg:ok
[2018-03-06 09:15:10][INFO ][pool-1-thread-4][org.slf4j.helpers.SubstituteLogger.info:169]:succes failQueue.size:0
[2018-03-06 09:15:10][ERROR][main][org.apache.juli.logging.DirectJDKLog.log:181]:Failed to start connector [Connector[HTTP/1.1-8077]]
org.apache.catalina.LifecycleException: Failed to start component [Connector[HTTP/1.1-8077]]
	at org.apache.catalina.util.LifecycleBase.start(LifecycleBase.java:167)
	at org.apache.catalina.core.StandardService.addConnector(StandardService.java:225)
	at org.springframework.boot.context.embedded.tomcat.TomcatEmbeddedServletContainer.addPreviouslyRemovedConnectors(TomcatEmbeddedServletContainer.java:250)
	at org.springframework.boot.context.embedded.tomcat.TomcatEmbeddedServletContainer.start(TomcatEmbeddedServletContainer.java:193)
	at org.springframework.boot.context.embedded.EmbeddedWebApplicationContext.startEmbeddedServletContainer(EmbeddedWebApplicationContext.java:297)
	at org.springframework.boot.context.embedded.EmbeddedWebApplicationContext.finishRefresh(EmbeddedWebApplicationContext.java:145)
	at org.springframework.context.support.AbstractApplicationContext.refresh(AbstractApplicationContext.java:544)
	at org.springframework.boot.context.embedded.EmbeddedWebApplicationContext.refresh(EmbeddedWebApplicationContext.java:122)
	at org.springframework.boot.SpringApplication.refresh(SpringApplication.java:693)
	at org.springframework.boot.SpringApplication.refreshContext(SpringApplication.java:360)
	at org.springframework.boot.SpringApplication.run(SpringApplication.java:303)
	at com.test.springboot.TestSpringBoot.main(TestSpringBoot.java:11)
Caused by: org.apache.catalina.LifecycleException: service.getName(): "Tomcat";  Protocol handler start failed
	at org.apache.catalina.connector.Connector.startInternal(Connector.java:1029)
	at org.apache.catalina.util.LifecycleBase.start(LifecycleBase.java:150)
	... 11 common frames omitted
Caused by: java.net.BindException: Address already in use: bind
	at sun.nio.ch.Net.bind0(Native Method)
	at sun.nio.ch.Net.bind(Net.java:444)
	at sun.nio.ch.Net.bind(Net.java:436)
	at sun.nio.ch.ServerSocketChannelImpl.bind(ServerSocketChannelImpl.java:214)
	at sun.nio.ch.ServerSocketAdaptor.bind(ServerSocketAdaptor.java:74)
	at org.apache.tomcat.util.net.NioEndpoint.bind(NioEndpoint.java:210)
	at org.apache.tomcat.util.net.AbstractEndpoint.start(AbstractEndpoint.java:990)
	at org.apache.coyote.AbstractProtocol.start(AbstractProtocol.java:635)
	at org.apache.catalina.connector.Connector.startInternal(Connector.java:1022)
	... 12 common frames omitted
[2018-03-06 09:15:10][INFO ][pool-1-thread-7][org.slf4j.helpers.SubstituteLogger.info:169]:synSend status:200, response msg:ok
[2018-03-06 09:15:10][INFO ][pool-1-thread-7][org.slf4j.helpers.SubstituteLogger.info:169]:succes failQueue.size:0
[2018-03-06 09:15:10][INFO ][main][org.apache.juli.logging.DirectJDKLog.log:179]:Pausing ProtocolHandler ["http-nio-8077"]
[2018-03-06 09:15:10][INFO ][main][org.apache.juli.logging.DirectJDKLog.log:179]:Stopping service [Tomcat]
[2018-03-06 09:15:10][INFO ][pool-1-thread-2][org.slf4j.helpers.SubstituteLogger.info:169]:synSend status:200, response msg:ok
[2018-03-06 09:15:10][INFO ][pool-1-thread-2][org.slf4j.helpers.SubstituteLogger.info:169]:succes failQueue.size:0
[2018-03-06 09:15:10][INFO ][main][org.apache.juli.logging.DirectJDKLog.log:179]:The stop() method was called on component [StandardServer[-1]] after stop() had already been called. The second call will be ignored.
[2018-03-06 09:15:10][INFO ][main][org.apache.juli.logging.DirectJDKLog.log:179]:Stopping ProtocolHandler ["http-nio-8077"]
[2018-03-06 09:15:10][INFO ][main][org.apache.juli.logging.DirectJDKLog.log:179]:Destroying ProtocolHandler ["http-nio-8077"]
[2018-03-06 09:15:10][INFO ][main][org.springframework.boot.autoconfigure.logging.AutoConfigurationReportLoggingInitializer.logAutoConfigurationReport:101]:

Error starting ApplicationContext. To display the auto-configuration report re-run your application with 'debug' enabled.
[2018-03-06 09:15:10][ERROR][main][org.springframework.boot.diagnostics.LoggingFailureAnalysisReporter.report:42]:

***************************
APPLICATION FAILED TO START
***************************

Description:

The Tomcat connector configured to listen on port 8077 failed to start. The port may already be in use or the connector may be misconfigured.

Action:

Verify the connector's configuration, identify and stop any process that's listening on port 8077, or configure this application to listen on another port.

[2018-03-06 09:15:10][INFO ][main][org.springframework.context.support.AbstractApplicationContext.doClose:982]:Closing org.springframework.boot.context.embedded.AnnotationConfigEmbeddedWebApplicationContext@75e04ee8: startup date [Tue Mar 06 09:15:07 CST 2018]; root of context hierarchy
[2018-03-06 09:15:10][INFO ][main][org.springframework.context.support.DefaultLifecycleProcessor$LifecycleGroup.stop:356]:Stopping beans in phase 2147483647
[2018-03-06 09:15:11][INFO ][main][org.springframework.jmx.export.MBeanExporter.destroy:449]:Unregistering JMX-exposed beans on shutdown
[2018-03-06 09:15:11][INFO ][pool-1-thread-5][org.slf4j.helpers.SubstituteLogger.info:169]:synSend status:200, response msg:ok
[2018-03-06 09:15:11][INFO ][pool-1-thread-5][org.slf4j.helpers.SubstituteLogger.info:169]:succes failQueue.size:0
[2018-03-06 09:15:11][INFO ][pool-1-thread-3][org.slf4j.helpers.SubstituteLogger.info:169]:synSend status:200, response msg:ok
[2018-03-06 09:15:11][INFO ][pool-1-thread-3][org.slf4j.helpers.SubstituteLogger.info:169]:succes failQueue.size:0
[2018-03-06 09:15:11][INFO ][pool-1-thread-6][org.slf4j.helpers.SubstituteLogger.info:169]:synSend status:200, response msg:ok
[2018-03-06 09:15:11][INFO ][pool-1-thread-6][org.slf4j.helpers.SubstituteLogger.info:169]:succes failQueue.size:0
