[2018-03-05 17:47:07][ERROR][main][org.slf4j.helpers.SubstituteLogger.error:281]:esconfig is null
com.xchushi.fw.log.elasticsearch.exception.EsLoggerInitException: esconfig is null
	at com.xchushi.fw.log.elasticsearch.config.EsLoggerConfig.getCfg(EsLoggerConfig.java:63)
	at com.xchushi.fw.log.elasticsearch.changer.NomalChanger.change(NomalChanger.java:172)
	at com.xchushi.fw.log.elasticsearch.logger.TCPEsLogger.append(TCPEsLogger.java:107)
	at com.xchushi.fw.log.logback.XcsLogbackAppender.append(XcsLogbackAppender.java:35)
	at com.xchushi.fw.log.logback.XcsLogbackAppender.append(XcsLogbackAppender.java:1)
	at ch.qos.logback.core.AppenderBase.doAppend(AppenderBase.java:82)
	at ch.qos.logback.core.spi.AppenderAttachableImpl.appendLoopOnAppenders(AppenderAttachableImpl.java:51)
	at ch.qos.logback.classic.Logger.appendLoopOnAppenders(Logger.java:270)
	at ch.qos.logback.classic.Logger.callAppenders(Logger.java:257)
	at ch.qos.logback.classic.Logger.buildLoggingEventAndAppend(Logger.java:421)
	at ch.qos.logback.classic.Logger.filterAndLog_0_Or3Plus(Logger.java:383)
	at ch.qos.logback.classic.Logger.log(Logger.java:775)
	at sun.reflect.NativeMethodAccessorImpl.invoke0(Native Method)
	at sun.reflect.NativeMethodAccessorImpl.invoke(NativeMethodAccessorImpl.java:57)
	at sun.reflect.DelegatingMethodAccessorImpl.invoke(DelegatingMethodAccessorImpl.java:43)
	at java.lang.reflect.Method.invoke(Method.java:606)
	at org.slf4j.helpers.SubstituteLogger.log(SubstituteLogger.java:374)
	at org.slf4j.LoggerFactory.replaySingleEvent(LoggerFactory.java:241)
	at org.slf4j.LoggerFactory.replayEvents(LoggerFactory.java:210)
	at org.slf4j.LoggerFactory.bind(LoggerFactory.java:154)
	at org.slf4j.LoggerFactory.performInitialization(LoggerFactory.java:124)
	at org.slf4j.LoggerFactory.getILoggerFactory(LoggerFactory.java:412)
	at org.slf4j.LoggerFactory.getLogger(LoggerFactory.java:357)
	at org.apache.commons.logging.impl.SLF4JLogFactory.getInstance(SLF4JLogFactory.java:155)
	at org.apache.commons.logging.impl.SLF4JLogFactory.getInstance(SLF4JLogFactory.java:132)
	at org.apache.commons.logging.LogFactory.getLog(LogFactory.java:273)
	at org.springframework.boot.SpringApplication.<clinit>(SpringApplication.java:179)
	at com.test.springboot.TestSpringBoot.main(TestSpringBoot.java:10)
