[2018-03-05
				17:56:11][INFO ][main][sun.reflect.NativeMethodAccessorImpl.invoke0:-2]:CollectSendRunner created
[2018-03-05
				17:56:11][INFO ][main][org.springframework.boot.StartupInfoLogger.logStarting:48]:Starting TestSpringBoot on USER-20160201BI with PID 13272 (E:\work\xcs\xcs-demo\target\classes started by Administrator in E:\work\xcs\xcs-demo)
[2018-03-05
				17:56:11][INFO ][main][org.springframework.boot.SpringApplication.logStartupProfileInfo:597]:The following profiles are active: default
[2018-03-05
				17:56:11][INFO ][main][org.springframework.context.support.AbstractApplicationContext.prepareRefresh:581]:Refreshing org.springframework.boot.context.embedded.AnnotationConfigEmbeddedWebApplicationContext@5992f874: startup date [Mon Mar 05 17:56:11 CST 2018]; root of context hierarchy
[2018-03-05
				17:56:12][INFO ][background-preinit][org.hibernate.validator.internal.util.Version.<clinit>:30]:HV000001: Hibernate Validator 5.3.5.Final
[2018-03-05
				17:56:13][INFO ][main][org.springframework.boot.context.embedded.tomcat.TomcatEmbeddedServletContainer.initialize:89]:Tomcat initialized with port(s): 8077 (http)
[2018-03-05
				17:56:13][INFO ][main][org.apache.juli.logging.DirectJDKLog.log:179]:Starting service [Tomcat]
[2018-03-05
				17:56:13][INFO ][main][org.apache.juli.logging.DirectJDKLog.log:179]:Starting Servlet Engine: Apache Tomcat/8.5.16
[2018-03-05
				17:56:13][INFO ][localhost-startStop-1][org.apache.juli.logging.DirectJDKLog.log:179]:Initializing Spring embedded WebApplicationContext
[2018-03-05
				17:56:13][INFO ][localhost-startStop-1][org.springframework.boot.context.embedded.EmbeddedWebApplicationContext.prepareEmbeddedWebApplicationContext:276]:Root WebApplicationContext: initialization completed in 1438 ms
[2018-03-05
				17:56:13][INFO ][localhost-startStop-1][org.springframework.boot.web.servlet.ServletRegistrationBean.onStartup:190]:Mapping servlet: 'dispatcherServlet' to [/]
[2018-03-05
				17:56:13][INFO ][localhost-startStop-1][org.springframework.boot.web.servlet.AbstractFilterRegistrationBean.configure:258]:Mapping filter: 'characterEncodingFilter' to: [/*]
[2018-03-05
				17:56:13][INFO ][localhost-startStop-1][org.springframework.boot.web.servlet.AbstractFilterRegistrationBean.configure:258]:Mapping filter: 'hiddenHttpMethodFilter' to: [/*]
[2018-03-05
				17:56:13][INFO ][localhost-startStop-1][org.springframework.boot.web.servlet.AbstractFilterRegistrationBean.configure:258]:Mapping filter: 'httpPutFormContentFilter' to: [/*]
[2018-03-05
				17:56:13][INFO ][localhost-startStop-1][org.springframework.boot.web.servlet.AbstractFilterRegistrationBean.configure:258]:Mapping filter: 'requestContextFilter' to: [/*]
[2018-03-05
				17:56:13][INFO ][main][org.springframework.web.servlet.mvc.method.annotation.RequestMappingHandlerAdapter.initControllerAdviceCache:534]:Looking for @ControllerAdvice: org.springframework.boot.context.embedded.AnnotationConfigEmbeddedWebApplicationContext@5992f874: startup date [Mon Mar 05 17:56:11 CST 2018]; root of context hierarchy
[2018-03-05
				17:56:13][INFO ][main][org.springframework.web.servlet.handler.AbstractHandlerMethodMapping$MappingRegistry.register:543]:Mapped "{[/testclsloader]}" onto public java.lang.String com.test.springboot.controller.TestClassLoaderController.testApi(javax.servlet.http.HttpServletRequest,javax.servlet.http.HttpServletResponse)
[2018-03-05
				17:56:13][INFO ][main][org.springframework.web.servlet.handler.AbstractHandlerMethodMapping$MappingRegistry.register:543]:Mapped "{[/**]}" onto public java.lang.String com.test.springboot.controller.TestRestController.testHome(javax.servlet.http.HttpServletRequest,javax.servlet.http.HttpServletResponse)
[2018-03-05
				17:56:13][INFO ][main][org.springframework.web.servlet.handler.AbstractHandlerMethodMapping$MappingRegistry.register:543]:Mapped "{[/error]}" onto public org.springframework.http.ResponseEntity<java.util.Map<java.lang.String, java.lang.Object>> org.springframework.boot.autoconfigure.web.BasicErrorController.error(javax.servlet.http.HttpServletRequest)
[2018-03-05
				17:56:13][INFO ][main][org.springframework.web.servlet.handler.AbstractHandlerMethodMapping$MappingRegistry.register:543]:Mapped "{[/error],produces=[text/html]}" onto public org.springframework.web.servlet.ModelAndView org.springframework.boot.autoconfigure.web.BasicErrorController.errorHtml(javax.servlet.http.HttpServletRequest,javax.servlet.http.HttpServletResponse)
[2018-03-05
				17:56:13][INFO ][main][org.springframework.web.servlet.handler.AbstractUrlHandlerMapping.registerHandler:354]:Mapped URL path [/webjars/**] onto handler of type [class org.springframework.web.servlet.resource.ResourceHttpRequestHandler]
[2018-03-05
				17:56:13][INFO ][main][org.springframework.web.servlet.handler.AbstractUrlHandlerMapping.registerHandler:354]:Mapped URL path [/**] onto handler of type [class org.springframework.web.servlet.resource.ResourceHttpRequestHandler]
[2018-03-05
				17:56:14][INFO ][main][org.springframework.web.servlet.handler.AbstractUrlHandlerMapping.registerHandler:354]:Mapped URL path [/**/favicon.ico] onto handler of type [class org.springframework.web.servlet.resource.ResourceHttpRequestHandler]
[2018-03-05
				17:56:24][INFO ][main][sun.reflect.NativeMethodAccessorImpl.invoke0:-2]:CollectSendRunner created
[2018-03-05
				17:56:25][INFO ][main][org.springframework.boot.StartupInfoLogger.logStarting:48]:Starting TestSpringBoot on USER-20160201BI with PID 13300 (E:\work\xcs\xcs-demo\target\classes started by Administrator in E:\work\xcs\xcs-demo)
[2018-03-05
				17:56:25][INFO ][main][org.springframework.boot.SpringApplication.logStartupProfileInfo:597]:The following profiles are active: default
[2018-03-05
				17:56:25][INFO ][main][org.springframework.context.support.AbstractApplicationContext.prepareRefresh:581]:Refreshing org.springframework.boot.context.embedded.AnnotationConfigEmbeddedWebApplicationContext@2e7be718: startup date [Mon Mar 05 17:56:25 CST 2018]; root of context hierarchy
[2018-03-05
				17:56:25][INFO ][background-preinit][org.hibernate.validator.internal.util.Version.<clinit>:30]:HV000001: Hibernate Validator 5.3.5.Final
[2018-03-05
				17:56:26][INFO ][main][org.springframework.boot.context.embedded.tomcat.TomcatEmbeddedServletContainer.initialize:89]:Tomcat initialized with port(s): 8077 (http)
[2018-03-05
				17:56:26][INFO ][main][org.apache.juli.logging.DirectJDKLog.log:179]:Starting service [Tomcat]
[2018-03-05
				17:56:26][INFO ][main][org.apache.juli.logging.DirectJDKLog.log:179]:Starting Servlet Engine: Apache Tomcat/8.5.16
[2018-03-05
				17:56:26][INFO ][localhost-startStop-1][org.apache.juli.logging.DirectJDKLog.log:179]:Initializing Spring embedded WebApplicationContext
[2018-03-05
				17:56:26][INFO ][localhost-startStop-1][org.springframework.boot.context.embedded.EmbeddedWebApplicationContext.prepareEmbeddedWebApplicationContext:276]:Root WebApplicationContext: initialization completed in 1512 ms
[2018-03-05
				17:56:27][INFO ][localhost-startStop-1][org.springframework.boot.web.servlet.ServletRegistrationBean.onStartup:190]:Mapping servlet: 'dispatcherServlet' to [/]
[2018-03-05
				17:56:27][INFO ][localhost-startStop-1][org.springframework.boot.web.servlet.AbstractFilterRegistrationBean.configure:258]:Mapping filter: 'characterEncodingFilter' to: [/*]
[2018-03-05
				17:56:27][INFO ][localhost-startStop-1][org.springframework.boot.web.servlet.AbstractFilterRegistrationBean.configure:258]:Mapping filter: 'hiddenHttpMethodFilter' to: [/*]
[2018-03-05
				17:56:27][INFO ][localhost-startStop-1][org.springframework.boot.web.servlet.AbstractFilterRegistrationBean.configure:258]:Mapping filter: 'httpPutFormContentFilter' to: [/*]
[2018-03-05
				17:56:27][INFO ][localhost-startStop-1][org.springframework.boot.web.servlet.AbstractFilterRegistrationBean.configure:258]:Mapping filter: 'requestContextFilter' to: [/*]
[2018-03-05
				17:56:27][INFO ][main][org.springframework.web.servlet.mvc.method.annotation.RequestMappingHandlerAdapter.initControllerAdviceCache:534]:Looking for @ControllerAdvice: org.springframework.boot.context.embedded.AnnotationConfigEmbeddedWebApplicationContext@2e7be718: startup date [Mon Mar 05 17:56:25 CST 2018]; root of context hierarchy
[2018-03-05
				17:56:27][INFO ][main][org.springframework.web.servlet.handler.AbstractHandlerMethodMapping$MappingRegistry.register:543]:Mapped "{[/testclsloader]}" onto public java.lang.String com.test.springboot.controller.TestClassLoaderController.testApi(javax.servlet.http.HttpServletRequest,javax.servlet.http.HttpServletResponse)
[2018-03-05
				17:56:27][INFO ][main][org.springframework.web.servlet.handler.AbstractHandlerMethodMapping$MappingRegistry.register:543]:Mapped "{[/**]}" onto public java.lang.String com.test.springboot.controller.TestRestController.testHome(javax.servlet.http.HttpServletRequest,javax.servlet.http.HttpServletResponse)
[2018-03-05
				17:56:27][INFO ][main][org.springframework.web.servlet.handler.AbstractHandlerMethodMapping$MappingRegistry.register:543]:Mapped "{[/error]}" onto public org.springframework.http.ResponseEntity<java.util.Map<java.lang.String, java.lang.Object>> org.springframework.boot.autoconfigure.web.BasicErrorController.error(javax.servlet.http.HttpServletRequest)
[2018-03-05
				17:56:27][INFO ][main][org.springframework.web.servlet.handler.AbstractHandlerMethodMapping$MappingRegistry.register:543]:Mapped "{[/error],produces=[text/html]}" onto public org.springframework.web.servlet.ModelAndView org.springframework.boot.autoconfigure.web.BasicErrorController.errorHtml(javax.servlet.http.HttpServletRequest,javax.servlet.http.HttpServletResponse)
[2018-03-05
				17:56:27][INFO ][main][org.springframework.web.servlet.handler.AbstractUrlHandlerMapping.registerHandler:354]:Mapped URL path [/webjars/**] onto handler of type [class org.springframework.web.servlet.resource.ResourceHttpRequestHandler]
[2018-03-05
				17:56:27][INFO ][main][org.springframework.web.servlet.handler.AbstractUrlHandlerMapping.registerHandler:354]:Mapped URL path [/**] onto handler of type [class org.springframework.web.servlet.resource.ResourceHttpRequestHandler]
[2018-03-05
				17:56:27][INFO ][main][org.springframework.web.servlet.handler.AbstractUrlHandlerMapping.registerHandler:354]:Mapped URL path [/**/favicon.ico] onto handler of type [class org.springframework.web.servlet.resource.ResourceHttpRequestHandler]
[2018-03-05
				17:56:39][ERROR][main][org.springframework.boot.SpringApplication.reportFailure:771]:Application startup failed
java.lang.IllegalStateException: Logback configuration error detected: 
ERROR in ch.qos.logback.core.joran.action.AppenderRefAction - Could not find an appender named [xcslog]. Did you define it below instead of above in the configuration file?
ERROR in ch.qos.logback.core.joran.action.AppenderRefAction - See http://logback.qos.ch/codes.html#appender_order for more details.
	at org.springframework.boot.logging.logback.LogbackLoggingSystem.loadConfiguration(LogbackLoggingSystem.java:162)
	at org.springframework.boot.logging.logback.LogbackLoggingSystem.reinitialize(LogbackLoggingSystem.java:208)
	at org.springframework.boot.logging.AbstractLoggingSystem.initializeWithConventions(AbstractLoggingSystem.java:74)
	at org.springframework.boot.logging.AbstractLoggingSystem.initialize(AbstractLoggingSystem.java:59)
	at org.springframework.boot.logging.logback.LogbackLoggingSystem.initialize(LogbackLoggingSystem.java:115)
	at org.springframework.boot.logging.LoggingApplicationListener.initializeSystem(LoggingApplicationListener.java:303)
	at org.springframework.boot.logging.LoggingApplicationListener.initialize(LoggingApplicationListener.java:276)
	at org.springframework.boot.logging.LoggingApplicationListener.onApplicationEnvironmentPreparedEvent(LoggingApplicationListener.java:239)
	at org.springframework.boot.logging.LoggingApplicationListener.onApplicationEvent(LoggingApplicationListener.java:212)
	at org.springframework.context.event.SimpleApplicationEventMulticaster.invokeListener(SimpleApplicationEventMulticaster.java:166)
	at org.springframework.context.event.SimpleApplicationEventMulticaster.multicastEvent(SimpleApplicationEventMulticaster.java:138)
	at org.springframework.context.event.SimpleApplicationEventMulticaster.multicastEvent(SimpleApplicationEventMulticaster.java:121)
	at org.springframework.boot.context.event.EventPublishingRunListener.environmentPrepared(EventPublishingRunListener.java:74)
	at org.springframework.boot.SpringApplicationRunListeners.environmentPrepared(SpringApplicationRunListeners.java:54)
	at org.springframework.boot.SpringApplication.prepareEnvironment(SpringApplication.java:325)
	at org.springframework.boot.SpringApplication.run(SpringApplication.java:296)
	at com.test.springboot.TestSpringBoot.main(TestSpringBoot.java:11)
