[2018-03-08 16:21:00][INFO ][main][org.springframework.boot.StartupInfoLogger.logStarting:48]:Starting TestSpringBoot on USER-20160201BI with PID 7892 (E:\work\xcs\xcs-demo\target\classes started by Administrator in E:\work\xcs\xcs-demo)
[2018-03-08 16:21:00][ERROR][main][org.springframework.boot.SpringApplication.reportFailure:771]:Application startup failed
java.lang.Error: Unresolved compilation problem: 

	at com.xchushi.fw.log.elasticsearch.changer.NomalChanger.getChanger(NomalChanger.java:59)
	at com.xchushi.fw.log.elasticsearch.logger.TCPEsLogger.<init>(TCPEsLogger.java:38)
	at com.xchushi.fw.log.elasticsearch.logger.TCPEsLogger.getLogger(TCPEsLogger.java:53)
	at com.xchushi.fw.log.XcsLoggerFactory.getLogger(XcsLoggerFactory.java:10)
	at com.xchushi.fw.log.logback.XcsLogbackAppender.initXcsLogbackLogger(XcsLogbackAppender.java:54)
	at com.xchushi.fw.log.logback.XcsLogbackAppender.append(XcsLogbackAppender.java:31)
	at com.xchushi.fw.log.logback.XcsLogbackAppender.append(XcsLogbackAppender.java:1)
	at ch.qos.logback.core.AppenderBase.doAppend(AppenderBase.java:82)
	at ch.qos.logback.core.spi.AppenderAttachableImpl.appendLoopOnAppenders(AppenderAttachableImpl.java:51)
	at ch.qos.logback.classic.Logger.appendLoopOnAppenders(Logger.java:270)
	at ch.qos.logback.classic.Logger.callAppenders(Logger.java:257)
	at ch.qos.logback.classic.Logger.buildLoggingEventAndAppend(Logger.java:421)
	at ch.qos.logback.classic.Logger.filterAndLog_0_Or3Plus(Logger.java:383)
	at ch.qos.logback.classic.Logger.log(Logger.java:765)
	at org.apache.commons.logging.impl.SLF4JLocationAwareLog.info(SLF4JLocationAwareLog.java:155)
	at org.springframework.boot.StartupInfoLogger.logStarting(StartupInfoLogger.java:48)
	at org.springframework.boot.SpringApplication.logStartupInfo(SpringApplication.java:579)
	at org.springframework.boot.SpringApplication.prepareContext(SpringApplication.java:341)
	at org.springframework.boot.SpringApplication.run(SpringApplication.java:301)
	at com.test.springboot.TestSpringBoot.main(TestSpringBoot.java:11)
[2018-03-08 16:21:01][INFO ][background-preinit][org.hibernate.validator.internal.util.Version.<clinit>:30]:HV000001: Hibernate Validator 5.3.5.Final
[2018-03-08 16:21:08][INFO ][main][org.springframework.boot.StartupInfoLogger.logStarting:48]:Starting TestSpringBoot on USER-20160201BI with PID 5464 (E:\work\xcs\xcs-demo\target\classes started by Administrator in E:\work\xcs\xcs-demo)
[2018-03-08 16:21:08][ERROR][main][org.springframework.boot.SpringApplication.reportFailure:771]:Application startup failed
java.lang.Error: Unresolved compilation problem: 

	at com.xchushi.fw.log.elasticsearch.changer.NomalChanger.getChanger(NomalChanger.java:59)
	at com.xchushi.fw.log.elasticsearch.logger.TCPEsLogger.<init>(TCPEsLogger.java:38)
	at com.xchushi.fw.log.elasticsearch.logger.TCPEsLogger.getLogger(TCPEsLogger.java:53)
	at com.xchushi.fw.log.XcsLoggerFactory.getLogger(XcsLoggerFactory.java:10)
	at com.xchushi.fw.log.logback.XcsLogbackAppender.initXcsLogbackLogger(XcsLogbackAppender.java:54)
	at com.xchushi.fw.log.logback.XcsLogbackAppender.append(XcsLogbackAppender.java:31)
	at com.xchushi.fw.log.logback.XcsLogbackAppender.append(XcsLogbackAppender.java:1)
	at ch.qos.logback.core.AppenderBase.doAppend(AppenderBase.java:82)
	at ch.qos.logback.core.spi.AppenderAttachableImpl.appendLoopOnAppenders(AppenderAttachableImpl.java:51)
	at ch.qos.logback.classic.Logger.appendLoopOnAppenders(Logger.java:270)
	at ch.qos.logback.classic.Logger.callAppenders(Logger.java:257)
	at ch.qos.logback.classic.Logger.buildLoggingEventAndAppend(Logger.java:421)
	at ch.qos.logback.classic.Logger.filterAndLog_0_Or3Plus(Logger.java:383)
	at ch.qos.logback.classic.Logger.log(Logger.java:765)
	at org.apache.commons.logging.impl.SLF4JLocationAwareLog.info(SLF4JLocationAwareLog.java:155)
	at org.springframework.boot.StartupInfoLogger.logStarting(StartupInfoLogger.java:48)
	at org.springframework.boot.SpringApplication.logStartupInfo(SpringApplication.java:579)
	at org.springframework.boot.SpringApplication.prepareContext(SpringApplication.java:341)
	at org.springframework.boot.SpringApplication.run(SpringApplication.java:301)
	at com.test.springboot.TestSpringBoot.main(TestSpringBoot.java:11)
[2018-03-08 16:21:09][INFO ][background-preinit][org.hibernate.validator.internal.util.Version.<clinit>:30]:HV000001: Hibernate Validator 5.3.5.Final
[2018-03-08 16:21:31][INFO ][main][org.springframework.boot.StartupInfoLogger.logStarting:48]:Starting TestSpringBoot on USER-20160201BI with PID 10876 (E:\work\xcs\xcs-demo\target\classes started by Administrator in E:\work\xcs\xcs-demo)
[2018-03-08 16:21:31][INFO ][background-preinit][org.hibernate.validator.internal.util.Version.<clinit>:30]:HV000001: Hibernate Validator 5.3.5.Final
[2018-03-08 16:21:32][INFO ][pool-1-thread-1][com.xchushi.fw.transfer.runner.DefalutCollectSendRunner.initFailQueue:109]:加载日志发送失败文件:/E:/work/xcs/xcs-demo/target/classes/eslogger/logSendFail.txt,用时:59
[2018-03-08 16:21:32][INFO ][main][org.springframework.boot.SpringApplication.logStartupProfileInfo:597]:The following profiles are active: default
[2018-03-08 16:21:32][INFO ][main][org.springframework.context.support.AbstractApplicationContext.prepareRefresh:581]:Refreshing org.springframework.boot.context.embedded.AnnotationConfigEmbeddedWebApplicationContext@4cd5d2ca: startup date [Thu Mar 08 16:21:32 CST 2018]; root of context hierarchy
[2018-03-08 16:21:36][INFO ][main][org.springframework.boot.context.embedded.tomcat.TomcatEmbeddedServletContainer.initialize:89]:Tomcat initialized with port(s): 8077 (http)
[2018-03-08 16:21:37][INFO ][main][org.apache.juli.logging.DirectJDKLog.log:179]:Starting service [Tomcat]
[2018-03-08 16:21:37][INFO ][main][org.apache.juli.logging.DirectJDKLog.log:179]:Starting Servlet Engine: Apache Tomcat/8.5.16
[2018-03-08 16:21:37][INFO ][localhost-startStop-1][org.apache.juli.logging.DirectJDKLog.log:179]:Initializing Spring embedded WebApplicationContext
[2018-03-08 16:21:37][INFO ][localhost-startStop-1][org.springframework.boot.context.embedded.EmbeddedWebApplicationContext.prepareEmbeddedWebApplicationContext:276]:Root WebApplicationContext: initialization completed in 4326 ms
[2018-03-08 16:21:37][INFO ][localhost-startStop-1][org.springframework.boot.web.servlet.ServletRegistrationBean.onStartup:190]:Mapping servlet: 'dispatcherServlet' to [/]
[2018-03-08 16:21:37][INFO ][localhost-startStop-1][org.springframework.boot.web.servlet.AbstractFilterRegistrationBean.configure:258]:Mapping filter: 'characterEncodingFilter' to: [/*]
[2018-03-08 16:21:37][INFO ][localhost-startStop-1][org.springframework.boot.web.servlet.AbstractFilterRegistrationBean.configure:258]:Mapping filter: 'hiddenHttpMethodFilter' to: [/*]
[2018-03-08 16:21:37][INFO ][localhost-startStop-1][org.springframework.boot.web.servlet.AbstractFilterRegistrationBean.configure:258]:Mapping filter: 'httpPutFormContentFilter' to: [/*]
[2018-03-08 16:21:37][INFO ][localhost-startStop-1][org.springframework.boot.web.servlet.AbstractFilterRegistrationBean.configure:258]:Mapping filter: 'requestContextFilter' to: [/*]
[2018-03-08 16:21:37][INFO ][main][org.springframework.web.servlet.mvc.method.annotation.RequestMappingHandlerAdapter.initControllerAdviceCache:534]:Looking for @ControllerAdvice: org.springframework.boot.context.embedded.AnnotationConfigEmbeddedWebApplicationContext@4cd5d2ca: startup date [Thu Mar 08 16:21:32 CST 2018]; root of context hierarchy
[2018-03-08 16:21:38][INFO ][main][org.springframework.web.servlet.handler.AbstractHandlerMethodMapping$MappingRegistry.register:543]:Mapped "{[/testclsloader]}" onto public java.lang.String com.test.springboot.controller.TestClassLoaderController.testApi(javax.servlet.http.HttpServletRequest,javax.servlet.http.HttpServletResponse)
[2018-03-08 16:21:38][INFO ][main][org.springframework.web.servlet.handler.AbstractHandlerMethodMapping$MappingRegistry.register:543]:Mapped "{[/**]}" onto public java.lang.String com.test.springboot.controller.TestRestController.testHome(javax.servlet.http.HttpServletRequest,javax.servlet.http.HttpServletResponse)
[2018-03-08 16:21:38][INFO ][main][org.springframework.web.servlet.handler.AbstractHandlerMethodMapping$MappingRegistry.register:543]:Mapped "{[/error]}" onto public org.springframework.http.ResponseEntity<java.util.Map<java.lang.String, java.lang.Object>> org.springframework.boot.autoconfigure.web.BasicErrorController.error(javax.servlet.http.HttpServletRequest)
[2018-03-08 16:21:38][INFO ][main][org.springframework.web.servlet.handler.AbstractHandlerMethodMapping$MappingRegistry.register:543]:Mapped "{[/error],produces=[text/html]}" onto public org.springframework.web.servlet.ModelAndView org.springframework.boot.autoconfigure.web.BasicErrorController.errorHtml(javax.servlet.http.HttpServletRequest,javax.servlet.http.HttpServletResponse)
[2018-03-08 16:21:38][INFO ][main][org.springframework.web.servlet.handler.AbstractUrlHandlerMapping.registerHandler:354]:Mapped URL path [/webjars/**] onto handler of type [class org.springframework.web.servlet.resource.ResourceHttpRequestHandler]
[2018-03-08 16:21:38][INFO ][main][org.springframework.web.servlet.handler.AbstractUrlHandlerMapping.registerHandler:354]:Mapped URL path [/**] onto handler of type [class org.springframework.web.servlet.resource.ResourceHttpRequestHandler]
[2018-03-08 16:21:38][INFO ][main][org.springframework.web.servlet.handler.AbstractUrlHandlerMapping.registerHandler:354]:Mapped URL path [/**/favicon.ico] onto handler of type [class org.springframework.web.servlet.resource.ResourceHttpRequestHandler]
[2018-03-08 16:21:38][INFO ][main][org.springframework.jmx.export.MBeanExporter.afterSingletonsInstantiated:431]:Registering beans for JMX exposure on startup
[2018-03-08 16:21:38][INFO ][main][org.springframework.context.support.DefaultLifecycleProcessor$LifecycleGroup.start:341]:Starting beans in phase 2147483647
[2018-03-08 16:21:38][INFO ][main][org.apache.juli.logging.DirectJDKLog.log:179]:Initializing ProtocolHandler ["http-nio-8077"]
[2018-03-08 16:21:38][INFO ][main][org.apache.juli.logging.DirectJDKLog.log:179]:Starting ProtocolHandler ["http-nio-8077"]
[2018-03-08 16:21:38][INFO ][main][org.apache.juli.logging.DirectJDKLog.log:179]:Using a shared selector for servlet write/read
[2018-03-08 16:21:39][INFO ][main][org.springframework.boot.context.embedded.tomcat.TomcatEmbeddedServletContainer.start:201]:Tomcat started on port(s): 8077 (http)
[2018-03-08 16:21:39][INFO ][main][cn.yunyichina.front.StartUp.start:40]:=====Initialize eslogger successful=====
[2018-03-08 16:21:39][INFO ][main][org.springframework.boot.StartupInfoLogger.logStarted:57]:Started TestSpringBoot in 8.321 seconds (JVM running for 8.744)
[2018-03-08 16:21:50][INFO ][http-nio-8077-exec-1][org.apache.juli.logging.DirectJDKLog.log:179]:Initializing Spring FrameworkServlet 'dispatcherServlet'
[2018-03-08 16:21:50][INFO ][http-nio-8077-exec-1][org.springframework.web.servlet.FrameworkServlet.initServletBean:489]:FrameworkServlet 'dispatcherServlet': initialization started
[2018-03-08 16:21:51][INFO ][http-nio-8077-exec-1][org.springframework.web.servlet.FrameworkServlet.initServletBean:508]:FrameworkServlet 'dispatcherServlet': initialization completed in 22 ms
[2018-03-08 16:21:51][INFO ][http-nio-8077-exec-1][com.test.springboot.controller.TestRestController.testHome:61]:﻿{sss
    "resultCode":"1",
    "resultDesc":"读取费用信息成功",
    "resultlist":[
        {
            "ake032":0,
            "akc015":5,
            "aac003":"朱如雁",
            "aaz216":"1000000001009949",
            "inpathinfo_akc076":5,
            "outpathinfo_akc064":5,
            "aaz501":5,
            "outpathinfo_akc075":56734534,asfsa
            "akc189":5,
            "outpathinfo_akc063":415214,
            "aaz500":"441602193909180034",
            "indeptinfo_aae386":"骨伤二区",
            "akc217":0,
            "akc193":"108292|未见异常",
            "aae030":"2013-07-03 08:16:38",
            "inpathinfo_akc064":4,
            "inpathinfo_akc073":3,
            "outpathinfo_akc076":2,
            "outdeptinfo_aaz263":1,
            "aka135":1,
            "akc264":4315.51,
            "aac005":"19390918",
            "outpathinfo_akc074":5,
            "akc188":5,
            "aac002":"44160210065669",
            "inpathinfo_akc074":8888,
            "outpathinfo_akc073":5,
            "akc220":161,
            "akc218":0,
            "ake024":5,
            "ake035":0,
            "aka130":"30",
            "aac004":"男",
            "outdeptinfo_ake020":5,
            "akc607":5,
            "akc050":"108292|未见异常",
            "aae072":5,
            "aka136":0,
            "aae045":0,
            "akc196":5,
            "akc066":573432,
            "ake038":0,
            "inpathinfo_akc075":5,
            "inpathinfo_akc063":5,
            "ake039":3171.1,
            "akc190":"341375",
            "akc187":5,
            "outdeptinfo_akf001":"1666637",
            "outdeptinfo_ake201":5,
            "akc186":5,
            "ake173":0,
            "ake181":0,
            "akb020":"ZJ441621000",
            "ake026":0,
            "akc185":5,
            "indeptinfo_aaz263":5,
            "ake149":0,
            "akc065":5,
            "aae031":"2013-07-09 14:56:00",
            "outdeptinfo_aae386":"骨伤二区",
            "aka151":0,
            "indeptinfo_akf001":"137",
            "indeptinfo_ake201":5,
            "akb067":1144.41,
            "indeptinfo_ake020":5,
            "aae073":5,
            "akc219":5
        }
    ]
}


asfasf

azSFsafs
asdfasfas
asfsaf
s
asfasf
asfsafasf

fafsafasfgsafas
g
afssafs





2018-01-03 10:37:12	 99bill test !
2018-01-03 10:37:17	 99bill test !
2018-01-03 10:37:22	 99bill test !
2018-01-03 10:37:27	 99bill test !
2018-01-03 10:37:32	 99bill test !
2018-01-03 10:37:37	 99bill test !
2018-01-03 10:37:42	 99bill test !
2018-01-03 10:37:47	 99bill test !
2018-01-03 10:37:52	 99bill test !
2018-01-03 10:42:20	 99bill test !

2018-01-03 10:42:20	 99bill test !

2018-01-03 10:42:20	 99bill test !

2018-01-03 10:42:20	 99bill test !

2018-01-03 10:42:20	 99bill test !

2018-01-03 10:42:20	 99bill test !

2018-01-03 10:42:20	 99bill test !

2018-01-03 10:42:21	 99bill test !

2018-01-03 10:42:21	 99bill test !

2018-01-03 10:42:21	 99bill test !

2018-01-03 10:42:21	 99bill test !

2018-01-03 10:42:21	 99bill test !

2018-01-03 10:42:21	 99bill test !

2018-01-03 10:42:21	 99bill test !

2018-01-03 10:42:21	 99bill test !

2018-01-03 10:42:21	 99bill test !

2018-01-03 10:42:21	 99bill test !

2018-01-03 10:42:22	 99bill test !

2018-01-03 10:42:22	 99bill test !

2018-01-03 10:42:22	 99bill test !

2018-01-03 10:42:22	 99bill test !

2018-01-03 10:42:22	 99bill test !

2018-01-03 10:42:22	 99bill test !

2018-01-03 10:42:22	 99bill test !

2018-01-03 10:42:22	 99bill test !

2018-01-03 10:42:22	 99bill test !

2018-01-03 10:42:22	 99bill test !

2018-01-03 10:42:23	 99bill test !

2018-01-03 10:42:23	 99bill test !

2018-01-03 10:42:23	 99bill test !

2018-01-03 10:42:23	 99bill test !

2018-01-03 10:42:23	 99bill test !

2018-01-03 10:42:23	 99bill test !

2018-01-03 10:42:23	 99bill test !

2018-01-03 10:42:23	 99bill test !

2018-01-03 10:42:23	 99bill test !

2018-01-03 10:42:23	 99bill test !

2018-01-03 10:42:24	 99bill test !

2018-01-03 10:42:24	 99bill test !

2018-01-03 10:42:24	 99bill test !

2018-01-03 10:42:24	 99bill test !

2018-01-03 10:42:24	 99bill test !

2018-01-03 10:42:24	 99bill test !

2018-01-03 10:42:24	 99bill test !

2018-01-03 10:42:24	 99bill test !

2018-01-03 10:42:24	 99bill test !

2018-01-03 10:42:25	 99bill test !

2018-01-03 10:42:25	 99bill test !

2018-01-03 10:42:25	 99bill test !

2018-01-03 10:42:25	 99bill test !

2018-01-03 10:42:25	 99bill test !

2018-01-03 10:42:25	 99bill test !

2018-01-03 10:42:25	 99bill test !

2018-01-03 10:42:25	 99bill test !

2018-01-03 10:42:25	 99bill test !

2018-01-03 10:42:25	 99bill test !

2018-01-03 10:42:26	 99bill test !

2018-01-03 10:42:26	 99bill test !

2018-01-03 10:42:26	 99bill test !

2018-01-03 10:42:26	 99bill test !

2018-01-03 10:42:26	 99bill test !

2018-01-03 10:42:26	 99bill test !

2018-01-03 10:42:26	 99bill test !

2018-01-03 10:42:26	 99bill test !

2018-01-03 10:42:26	 99bill test !

2018-01-03 10:42:26	 99bill test !

2018-01-03 10:42:27	 99bill test !

2018-01-03 10:42:27	 99bill test !

2018-01-03 10:42:27	 99bill test !

2018-01-03 10:42:27	 99bill test !

2018-01-03 10:42:27	 99bill test !

2018-01-03 10:42:27	 99bill test !

2018-01-03 10:42:27	 99bill test !

2018-01-03 10:42:27	 99bill test !

2018-01-03 10:42:27	 99bill test !

2018-01-03 10:42:27	 99bill test !

2018-01-03 10:42:28	 99bill test !

2018-01-03 10:42:28	 99bill test !

2018-01-03 10:42:28	 99bill test !

2018-01-03 10:42:28	 99bill test !

2018-01-03 10:42:28	 99bill test !

2018-01-03 10:42:28	 99bill test !

2018-01-03 10:42:28	 99bill test !

2018-01-03 10:42:28	 99bill test !

2018-01-03 10:42:28	 99bill test !

2018-01-03 10:42:28	 99bill test !

2018-01-03 10:42:29	 99bill test !

2018-01-03 10:42:29	 99bill test !

2018-01-03 10:42:29	 99bill test !

2018-01-03 10:42:29	 99bill test !

2018-01-03 10:42:29	 99bill test !

2018-01-03 10:42:29	 99bill test !

2018-01-03 10:42:29	 99bill test !

2018-01-03 10:42:29	 99bill test !

2018-01-03 10:42:29	 99bill test !

2018-01-03 10:42:29	 99bill test !

2018-01-03 10:42:30	 99bill test !

2018-01-03 10:42:30	 99bill test !

2018-01-03 10:42:30	 99bill test !

2018-01-03 10:42:30	 99bill test !

2018-01-03 10:42:30	 99bill test !

2018-01-03 10:42:30	 99bill test !

2018-01-03 10:42:30	 99bill test !

2018-01-03 10:42:30	 99bill test !

2018-01-03 10:42:30	 99bill test !

2018-01-03 10:42:30	 99bill test !

2018-01-03 10:42:31	 99bill test !

2018-01-03 10:42:31	 99bill test !

2018-01-03 10:42:31	 99bill test !

2018-01-03 10:42:31	 99bill test !

2018-01-03 10:42:31	 99bill test !

2018-01-03 10:42:31	 99bill test !

2018-01-03 10:42:31	 99bill test !

2018-01-03 10:42:31	 99bill test !

2018-01-03 10:42:31	 99bill test !

2018-01-03 10:42:31	 99bill test !

2018-01-03 10:42:32	 99bill test !

2018-01-03 10:42:32	 99bill test !

2018-01-03 10:42:32	 99bill test !

2018-01-03 10:42:32	 99bill test !

2018-01-03 10:42:32	 99bill test !

2018-01-03 10:42:32	 99bill test !

2018-01-03 10:42:32	 99bill test !

2018-01-03 10:42:32	 99bill test !

2018-01-03 10:42:32	 99bill test !

2018-01-03 10:42:32	 99bill test !

2018-01-03 10:42:33	 99bill test !

2018-01-03 10:42:33	 99bill test !

2018-01-03 10:42:33	 99bill test !

2018-01-03 10:42:33	 99bill test !

2018-01-03 10:42:33	 99bill test !

2018-01-03 10:42:33	 99bill test !

2018-01-03 10:42:33	 99bill test !

2018-01-03 10:42:33	 99bill test !

2018-01-03 10:42:33	 99bill test !

2018-01-03 10:42:33	 99bill test !

2018-01-03 10:42:34	 99bill test !

2018-01-03 10:42:34	 99bill test !

2018-01-03 10:42:34	 99bill test !

2018-01-03 10:42:34	 99bill test !

2018-01-03 10:42:34	 99bill test !

2018-01-03 10:42:34	 99bill test !


