[2018-03-08 12:27:50][INFO ][main][org.springframework.boot.StartupInfoLogger.logStarting:48]:Starting TestSpringBoot on USER-20160201BI with PID 8468 (E:\work\xcs\xcs-demo\target\classes started by Administrator in E:\work\xcs\xcs-demo)
[2018-03-08 12:27:50][ERROR][main][com.xchushi.fw.transfer.sender.HttpSender.<init>:73]:initHttpSender fail:initCollectSendExecutor fail:Assert fail, bl isn't true
com.xchushi.fw.common.exception.InitException: initCollectSendExecutor fail:Assert fail, bl isn't true
	at com.xchushi.fw.transfer.runner.DefalutCollectSendRunner.<init>(DefalutCollectSendRunner.java:69)
	at com.xchushi.fw.transfer.sender.HttpSender.initHttpSender(HttpSender.java:115)
	at com.xchushi.fw.transfer.sender.HttpSender.<init>(HttpSender.java:71)
	at com.xchushi.fw.transfer.sender.HttpSender.<init>(HttpSender.java:65)
	at com.xchushi.fw.transfer.sender.HttpSender.<init>(HttpSender.java:61)
	at com.xchushi.fw.transfer.sender.HttpSender.getSender(HttpSender.java:154)
	at com.xchushi.fw.transfer.sender.SenderFactory.getSender(SenderFactory.java:6)
	at com.xchushi.fw.log.elasticsearch.logger.TCPEsLogger.<init>(TCPEsLogger.java:39)
	at com.xchushi.fw.log.elasticsearch.logger.TCPEsLogger.getLogger(TCPEsLogger.java:53)
	at com.xchushi.fw.log.XcsLoggerFactory.getLogger(XcsLoggerFactory.java:10)
	at com.xchushi.fw.log.logback.XcsLogbackAppender.initXcsLogbackLogger(XcsLogbackAppender.java:54)
	at com.xchushi.fw.log.logback.XcsLogbackAppender.append(XcsLogbackAppender.java:31)
	at com.xchushi.fw.log.logback.XcsLogbackAppender.append(XcsLogbackAppender.java:17)
	at ch.qos.logback.core.AppenderBase.doAppend(AppenderBase.java:82)
	at ch.qos.logback.core.spi.AppenderAttachableImpl.appendLoopOnAppenders(AppenderAttachableImpl.java:51)
	at ch.qos.logback.classic.Logger.appendLoopOnAppenders(Logger.java:270)
	at ch.qos.logback.classic.Logger.callAppenders(Logger.java:257)
	at ch.qos.logback.classic.Logger.buildLoggingEventAndAppend(Logger.java:421)
	at ch.qos.logback.classic.Logger.filterAndLog_0_Or3Plus(Logger.java:383)
	at ch.qos.logback.classic.Logger.log(Logger.java:765)
	at org.apache.commons.logging.impl.SLF4JLocationAwareLog.info(SLF4JLocationAwareLog.java:155)
	at org.springframework.boot.StartupInfoLogger.logStarting(StartupInfoLogger.java:48)
	at org.springframework.boot.SpringApplication.logStartupInfo(SpringApplication.java:579)
	at org.springframework.boot.SpringApplication.prepareContext(SpringApplication.java:341)
	at org.springframework.boot.SpringApplication.run(SpringApplication.java:301)
	at com.test.springboot.TestSpringBoot.main(TestSpringBoot.java:11)
Caused by: java.lang.IllegalArgumentException: Assert fail, bl isn't true
	at com.xchushi.fw.common.Asset.isTrue(Asset.java:27)
	at com.xchushi.fw.common.Asset.isTrue(Asset.java:32)
	at com.xchushi.fw.common.util.SimpleFileQueue.<init>(SimpleFileQueue.java:45)
	at com.xchushi.fw.common.util.SimpleFileQueue.<init>(SimpleFileQueue.java:33)
	at com.xchushi.fw.transfer.runner.DefalutCollectSendRunner.initCollectSendExecutor(DefalutCollectSendRunner.java:82)
	at com.xchushi.fw.transfer.runner.DefalutCollectSendRunner.<init>(DefalutCollectSendRunner.java:67)
	... 25 common frames omitted
[2018-03-08 12:27:50][INFO ][main][org.springframework.boot.SpringApplication.logStartupProfileInfo:597]:The following profiles are active: default
[2018-03-08 12:27:50][INFO ][main][org.springframework.context.support.AbstractApplicationContext.prepareRefresh:581]:Refreshing org.springframework.boot.context.embedded.AnnotationConfigEmbeddedWebApplicationContext@4b10c0df: startup date [Thu Mar 08 12:27:50 CST 2018]; root of context hierarchy
[2018-03-08 12:27:51][INFO ][background-preinit][org.hibernate.validator.internal.util.Version.<clinit>:30]:HV000001: Hibernate Validator 5.3.5.Final
